[ 2017-08-03T00:00:26+08:00 ] 127.0.0.1 /index.php/Home/Ms/uploadImg/id/1.html?rndcode=1501689626104
INFO: [ app_init ] --START--
INFO: Run Behavior\BuildLiteBehavior [ RunTime:0.000015s ]
INFO: [ app_init ] --END-- [ RunTime:0.000518s ]
INFO: [ app_begin ] --START--
INFO: Run Behavior\ReadHtmlCacheBehavior [ RunTime:0.000456s ]
INFO: [ app_begin ] --END-- [ RunTime:0.000494s ]
SQL: SHOW COLUMNS FROM `ms` [ RunTime:0.0257s ]
SQL: SELECT COUNT(*) AS tp_count FROM `ms` LIMIT 1   [ RunTime:0.0003s ]
NOTIC: [2] rmdir(Uploads/avatar/): Directory not empty C:\web-php\tpblog\Application\Home\Controller\MsController.class.php 第 82 行.
INFO: [ app_end ] --START--
INFO: Run Behavior\ShowPageTraceBehavior [ RunTime:0.002070s ]
INFO: [ app_end ] --END-- [ RunTime:0.002228s ]

[ 2017-08-03T00:00:30+08:00 ] 127.0.0.1 /index.php/Home/Ms/add.html
INFO: [ app_init ] --START--
INFO: Run Behavior\BuildLiteBehavior [ RunTime:0.000076s ]
INFO: [ app_init ] --END-- [ RunTime:0.001633s ]
INFO: [ app_begin ] --START--
INFO: Run Behavior\ReadHtmlCacheBehavior [ RunTime:0.001158s ]
INFO: [ app_begin ] --END-- [ RunTime:0.001280s ]
SQL: SHOW COLUMNS FROM `ms` [ RunTime:0.0313s ]
NOTIC: [8] Undefined index: auto C:\web-php\tpblog\ThinkPHP\Library\Think\Model.class.php 第 1128 行.
SQL: INSERT INTO `ms` (`name`,`address`,`content`) VALUES ('Sonnentreppe','tp','') [ RunTime:0.0039s ]
INFO: [ view_parse ] --START--
INFO: [ template_filter ] --START--
INFO: Run Behavior\ContentReplaceBehavior [ RunTime:0.000044s ]
INFO: [ template_filter ] --END-- [ RunTime:0.000103s ]
INFO: Run Behavior\ParseTemplateBehavior [ RunTime:0.017261s ]
INFO: [ view_parse ] --END-- [ RunTime:0.017503s ]
INFO: [ view_filter ] --START--
INFO: Run Behavior\WriteHtmlCacheBehavior [ RunTime:0.001041s ]
INFO: [ view_filter ] --END-- [ RunTime:0.001171s ]
INFO: [ app_end ] --START--
INFO: Run Behavior\ShowPageTraceBehavior [ RunTime:0.000798s ]
INFO: [ app_end ] --END-- [ RunTime:0.000841s ]

[ 2017-08-03T00:00:31+08:00 ] 127.0.0.1 /Home/Ms
INFO: [ app_init ] --START--
INFO: Run Behavior\BuildLiteBehavior [ RunTime:0.000019s ]
INFO: [ app_init ] --END-- [ RunTime:0.000397s ]
INFO: [ app_begin ] --START--
INFO: Run Behavior\ReadHtmlCacheBehavior [ RunTime:0.000584s ]
INFO: [ app_begin ] --END-- [ RunTime:0.000748s ]
SQL: SHOW COLUMNS FROM `setting` [ RunTime:0.0221s ]
SQL: SELECT * FROM `setting`  [ RunTime:0.0003s ]
SQL: SHOW COLUMNS FROM `ms` [ RunTime:0.0135s ]
SQL: SELECT COUNT(*) AS tp_count FROM `ms` LIMIT 1   [ RunTime:0.0003s ]
SQL: SELECT * FROM `ms` ORDER BY mid desc LIMIT 0,10   [ RunTime:0.0003s ]
INFO: [ view_parse ] --START--
INFO: [ template_filter ] --START--
INFO: Run Behavior\ContentReplaceBehavior [ RunTime:0.000119s ]
INFO: [ template_filter ] --END-- [ RunTime:0.000277s ]
INFO: Run Behavior\ParseTemplateBehavior [ RunTime:0.011519s ]
INFO: [ view_parse ] --END-- [ RunTime:0.011587s ]
INFO: [ view_filter ] --START--
INFO: Run Behavior\WriteHtmlCacheBehavior [ RunTime:0.000576s ]
INFO: [ view_filter ] --END-- [ RunTime:0.000659s ]
INFO: [ app_end ] --START--
INFO: Run Behavior\ShowPageTraceBehavior [ RunTime:0.001092s ]
INFO: [ app_end ] --END-- [ RunTime:0.001206s ]

[ 2017-08-03T00:01:06+08:00 ] 127.0.0.1 /Home/Ms
INFO: [ app_init ] --START--
INFO: Run Behavior\BuildLiteBehavior [ RunTime:0.000020s ]
INFO: [ app_init ] --END-- [ RunTime:0.000518s ]
INFO: [ app_begin ] --START--
INFO: Run Behavior\ReadHtmlCacheBehavior [ RunTime:0.000557s ]
INFO: [ app_begin ] --END-- [ RunTime:0.000591s ]
SQL: SHOW COLUMNS FROM `setting` [ RunTime:0.0153s ]
SQL: SELECT * FROM `setting`  [ RunTime:0.0003s ]
SQL: SHOW COLUMNS FROM `ms` [ RunTime:0.0101s ]
SQL: SELECT COUNT(*) AS tp_count FROM `ms` LIMIT 1   [ RunTime:0.0010s ]
SQL: SELECT * FROM `ms` ORDER BY mid desc LIMIT 0,10   [ RunTime:0.0010s ]
INFO: [ view_parse ] --START--
INFO: [ template_filter ] --START--
INFO: Run Behavior\ContentReplaceBehavior [ RunTime:0.000194s ]
INFO: [ template_filter ] --END-- [ RunTime:0.000391s ]
INFO: Run Behavior\ParseTemplateBehavior [ RunTime:0.012236s ]
INFO: [ view_parse ] --END-- [ RunTime:0.012298s ]
INFO: [ view_filter ] --START--
INFO: Run Behavior\WriteHtmlCacheBehavior [ RunTime:0.000494s ]
INFO: [ view_filter ] --END-- [ RunTime:0.000522s ]
INFO: [ app_end ] --START--
INFO: Run Behavior\ShowPageTraceBehavior [ RunTime:0.000547s ]
INFO: [ app_end ] --END-- [ RunTime:0.000575s ]

