[ 2017-08-27T00:17:21+08:00 ] 127.0.0.1 /
INFO: [ app_init ] --START--
INFO: Run Behavior\BuildLiteBehavior [ RunTime:0.000034s ]
INFO: [ app_init ] --END-- [ RunTime:0.012947s ]
INFO: [ app_begin ] --START--
INFO: Run Behavior\ReadHtmlCacheBehavior [ RunTime:0.018355s ]
INFO: [ app_begin ] --END-- [ RunTime:0.018423s ]
SQL: SHOW COLUMNS FROM `setting` [ RunTime:0.0274s ]
SQL: SELECT * FROM `setting`  [ RunTime:0.0014s ]
SQL: SHOW COLUMNS FROM `page` [ RunTime:0.0163s ]
SQL: SELECT COUNT(*) AS tp_count FROM `page` LIMIT 1   [ RunTime:0.0027s ]
SQL: SELECT * FROM `page` ORDER BY pid desc LIMIT 0,10   [ RunTime:0.0007s ]
INFO: [ view_parse ] --START--
INFO: [ template_filter ] --START--
INFO: Run Behavior\ContentReplaceBehavior [ RunTime:0.000078s ]
INFO: [ template_filter ] --END-- [ RunTime:0.000118s ]
INFO: Run Behavior\ParseTemplateBehavior [ RunTime:0.136150s ]
INFO: [ view_parse ] --END-- [ RunTime:0.136238s ]
INFO: [ view_filter ] --START--
INFO: Run Behavior\WriteHtmlCacheBehavior [ RunTime:0.012562s ]
INFO: [ view_filter ] --END-- [ RunTime:0.012600s ]
INFO: [ app_end ] --START--
INFO: Run Behavior\ShowPageTraceBehavior [ RunTime:0.018788s ]
INFO: [ app_end ] --END-- [ RunTime:0.018872s ]

[ 2017-08-27T00:27:01+08:00 ] 127.0.0.1 /
INFO: [ app_init ] --START--
INFO: Run Behavior\BuildLiteBehavior [ RunTime:0.000010s ]
INFO: [ app_init ] --END-- [ RunTime:0.000345s ]
INFO: [ app_begin ] --START--
INFO: Run Behavior\ReadHtmlCacheBehavior [ RunTime:0.000753s ]
INFO: [ app_begin ] --END-- [ RunTime:0.000798s ]
SQL: SHOW COLUMNS FROM `setting` [ RunTime:0.0168s ]
SQL: SELECT * FROM `setting`  [ RunTime:0.0004s ]
SQL: SHOW COLUMNS FROM `page` [ RunTime:0.0152s ]
SQL: SELECT COUNT(*) AS tp_count FROM `page` LIMIT 1   [ RunTime:0.0007s ]
SQL: SELECT * FROM `page` ORDER BY pid desc LIMIT 0,10   [ RunTime:0.0007s ]
INFO: [ view_parse ] --START--
INFO: [ template_filter ] --START--
INFO: Run Behavior\ContentReplaceBehavior [ RunTime:0.000048s ]
INFO: [ template_filter ] --END-- [ RunTime:0.000100s ]
INFO: Run Behavior\ParseTemplateBehavior [ RunTime:0.012808s ]
INFO: [ view_parse ] --END-- [ RunTime:0.013086s ]
INFO: [ view_filter ] --START--
INFO: Run Behavior\WriteHtmlCacheBehavior [ RunTime:0.001971s ]
INFO: [ view_filter ] --END-- [ RunTime:0.002063s ]
INFO: [ app_end ] --START--
INFO: Run Behavior\ShowPageTraceBehavior [ RunTime:0.001164s ]
INFO: [ app_end ] --END-- [ RunTime:0.001269s ]

[ 2017-08-27T00:35:20+08:00 ] 127.0.0.1 /
INFO: [ app_init ] --START--
INFO: Run Behavior\BuildLiteBehavior [ RunTime:0.000010s ]
INFO: [ app_init ] --END-- [ RunTime:0.000565s ]
INFO: [ app_begin ] --START--
INFO: Run Behavior\ReadHtmlCacheBehavior [ RunTime:0.000560s ]
INFO: [ app_begin ] --END-- [ RunTime:0.000596s ]
SQL: SHOW COLUMNS FROM `setting` [ RunTime:0.0228s ]
SQL: SELECT * FROM `setting`  [ RunTime:0.0006s ]
SQL: SHOW COLUMNS FROM `page` [ RunTime:0.0178s ]
SQL: SELECT COUNT(*) AS tp_count FROM `page` LIMIT 1   [ RunTime:0.0003s ]
SQL: SELECT * FROM `page` ORDER BY pid desc LIMIT 0,10   [ RunTime:0.0005s ]
INFO: [ view_parse ] --START--
INFO: [ template_filter ] --START--
INFO: Run Behavior\ContentReplaceBehavior [ RunTime:0.000044s ]
INFO: [ template_filter ] --END-- [ RunTime:0.000090s ]
INFO: Run Behavior\ParseTemplateBehavior [ RunTime:0.012299s ]
INFO: [ view_parse ] --END-- [ RunTime:0.012340s ]
INFO: [ view_filter ] --START--
INFO: Run Behavior\WriteHtmlCacheBehavior [ RunTime:0.000463s ]
INFO: [ view_filter ] --END-- [ RunTime:0.000491s ]
INFO: [ app_end ] --START--
INFO: Run Behavior\ShowPageTraceBehavior [ RunTime:0.001135s ]
INFO: [ app_end ] --END-- [ RunTime:0.001220s ]

[ 2017-08-27T00:38:52+08:00 ] 127.0.0.1 /
INFO: [ app_init ] --START--
INFO: Run Behavior\BuildLiteBehavior [ RunTime:0.000009s ]
INFO: [ app_init ] --END-- [ RunTime:0.000344s ]
INFO: [ app_begin ] --START--
INFO: Run Behavior\ReadHtmlCacheBehavior [ RunTime:0.000444s ]
INFO: [ app_begin ] --END-- [ RunTime:0.000477s ]
SQL: SHOW COLUMNS FROM `setting` [ RunTime:0.0273s ]
SQL: SELECT * FROM `setting`  [ RunTime:0.0010s ]
SQL: SHOW COLUMNS FROM `page` [ RunTime:0.0152s ]
SQL: SELECT COUNT(*) AS tp_count FROM `page` LIMIT 1   [ RunTime:0.0004s ]
SQL: SELECT * FROM `page` ORDER BY pid desc LIMIT 0,10   [ RunTime:0.0015s ]
INFO: [ view_parse ] --START--
INFO: [ template_filter ] --START--
INFO: Run Behavior\ContentReplaceBehavior [ RunTime:0.000093s ]
INFO: [ template_filter ] --END-- [ RunTime:0.000193s ]
INFO: Run Behavior\ParseTemplateBehavior [ RunTime:0.008084s ]
INFO: [ view_parse ] --END-- [ RunTime:0.008131s ]
INFO: [ view_filter ] --START--
INFO: Run Behavior\WriteHtmlCacheBehavior [ RunTime:0.000341s ]
INFO: [ view_filter ] --END-- [ RunTime:0.000368s ]
INFO: [ app_end ] --START--
INFO: Run Behavior\ShowPageTraceBehavior [ RunTime:0.000867s ]
INFO: [ app_end ] --END-- [ RunTime:0.000961s ]

[ 2017-08-27T00:40:31+08:00 ] 127.0.0.1 /
INFO: [ app_init ] --START--
INFO: Run Behavior\BuildLiteBehavior [ RunTime:0.000011s ]
INFO: [ app_init ] --END-- [ RunTime:0.000462s ]
INFO: [ app_begin ] --START--
INFO: Run Behavior\ReadHtmlCacheBehavior [ RunTime:0.000578s ]
INFO: [ app_begin ] --END-- [ RunTime:0.000616s ]
SQL: SHOW COLUMNS FROM `setting` [ RunTime:0.0145s ]
SQL: SELECT * FROM `setting`  [ RunTime:0.0003s ]
SQL: SHOW COLUMNS FROM `page` [ RunTime:0.0137s ]
SQL: SELECT COUNT(*) AS tp_count FROM `page` LIMIT 1   [ RunTime:0.0003s ]
SQL: SELECT * FROM `page` ORDER BY pid desc LIMIT 0,10   [ RunTime:0.0005s ]
INFO: [ view_parse ] --START--
INFO: [ template_filter ] --START--
INFO: Run Behavior\ContentReplaceBehavior [ RunTime:0.000048s ]
INFO: [ template_filter ] --END-- [ RunTime:0.000089s ]
INFO: Run Behavior\ParseTemplateBehavior [ RunTime:0.009250s ]
INFO: [ view_parse ] --END-- [ RunTime:0.009447s ]
INFO: [ view_filter ] --START--
INFO: Run Behavior\WriteHtmlCacheBehavior [ RunTime:0.000623s ]
INFO: [ view_filter ] --END-- [ RunTime:0.000656s ]
INFO: [ app_end ] --START--
INFO: Run Behavior\ShowPageTraceBehavior [ RunTime:0.001946s ]
INFO: [ app_end ] --END-- [ RunTime:0.002102s ]

[ 2017-08-27T00:40:53+08:00 ] 127.0.0.1 /
INFO: [ app_init ] --START--
INFO: Run Behavior\BuildLiteBehavior [ RunTime:0.000024s ]
INFO: [ app_init ] --END-- [ RunTime:0.000728s ]
INFO: [ app_begin ] --START--
INFO: Run Behavior\ReadHtmlCacheBehavior [ RunTime:0.001087s ]
INFO: [ app_begin ] --END-- [ RunTime:0.001230s ]
SQL: SHOW COLUMNS FROM `setting` [ RunTime:0.0219s ]
SQL: SELECT * FROM `setting`  [ RunTime:0.0007s ]
SQL: SHOW COLUMNS FROM `page` [ RunTime:0.0165s ]
SQL: SELECT COUNT(*) AS tp_count FROM `page` LIMIT 1   [ RunTime:0.0004s ]
SQL: SELECT * FROM `page` ORDER BY pid desc LIMIT 0,10   [ RunTime:0.0012s ]
INFO: [ view_parse ] --START--
INFO: [ template_filter ] --START--
INFO: Run Behavior\ContentReplaceBehavior [ RunTime:0.000052s ]
INFO: [ template_filter ] --END-- [ RunTime:0.000108s ]
INFO: Run Behavior\ParseTemplateBehavior [ RunTime:0.011851s ]
INFO: [ view_parse ] --END-- [ RunTime:0.011938s ]
INFO: [ view_filter ] --START--
INFO: Run Behavior\WriteHtmlCacheBehavior [ RunTime:0.000827s ]
INFO: [ view_filter ] --END-- [ RunTime:0.000880s ]
INFO: [ app_end ] --START--
INFO: Run Behavior\ShowPageTraceBehavior [ RunTime:0.000859s ]
INFO: [ app_end ] --END-- [ RunTime:0.000927s ]

[ 2017-08-27T00:42:28+08:00 ] 127.0.0.1 /
INFO: [ app_init ] --START--
INFO: Run Behavior\BuildLiteBehavior [ RunTime:0.000025s ]
INFO: [ app_init ] --END-- [ RunTime:0.001066s ]
INFO: [ app_begin ] --START--
INFO: Run Behavior\ReadHtmlCacheBehavior [ RunTime:0.001279s ]
INFO: [ app_begin ] --END-- [ RunTime:0.001400s ]
SQL: SHOW COLUMNS FROM `setting` [ RunTime:0.0187s ]
SQL: SELECT * FROM `setting`  [ RunTime:0.0009s ]
SQL: SHOW COLUMNS FROM `page` [ RunTime:0.0192s ]
SQL: SELECT COUNT(*) AS tp_count FROM `page` LIMIT 1   [ RunTime:0.0003s ]
SQL: SELECT * FROM `page` ORDER BY pid desc LIMIT 0,10   [ RunTime:0.0022s ]
INFO: [ view_parse ] --START--
INFO: [ template_filter ] --START--
INFO: Run Behavior\ContentReplaceBehavior [ RunTime:0.000039s ]
INFO: [ template_filter ] --END-- [ RunTime:0.000080s ]
INFO: Run Behavior\ParseTemplateBehavior [ RunTime:0.013473s ]
INFO: [ view_parse ] --END-- [ RunTime:0.013557s ]
INFO: [ view_filter ] --START--
INFO: Run Behavior\WriteHtmlCacheBehavior [ RunTime:0.001747s ]
INFO: [ view_filter ] --END-- [ RunTime:0.001799s ]
INFO: [ app_end ] --START--
INFO: Run Behavior\ShowPageTraceBehavior [ RunTime:0.001261s ]
INFO: [ app_end ] --END-- [ RunTime:0.001455s ]

[ 2017-08-27T00:46:00+08:00 ] 127.0.0.1 /index.php
INFO: [ app_init ] --START--
INFO: Run Behavior\BuildLiteBehavior [ RunTime:0.000017s ]
INFO: [ app_init ] --END-- [ RunTime:0.000517s ]
INFO: [ app_begin ] --START--
INFO: Run Behavior\ReadHtmlCacheBehavior [ RunTime:0.001243s ]
INFO: [ app_begin ] --END-- [ RunTime:0.001389s ]
SQL: SHOW COLUMNS FROM `setting` [ RunTime:0.0156s ]
SQL: SELECT * FROM `setting`  [ RunTime:0.0005s ]
SQL: SHOW COLUMNS FROM `page` [ RunTime:0.0139s ]
SQL: SELECT COUNT(*) AS tp_count FROM `page` LIMIT 1   [ RunTime:0.0016s ]
SQL: SELECT * FROM `page` ORDER BY pid desc LIMIT 0,10   [ RunTime:0.0008s ]
INFO: [ view_parse ] --START--
INFO: [ template_filter ] --START--
INFO: Run Behavior\ContentReplaceBehavior [ RunTime:0.000162s ]
INFO: [ template_filter ] --END-- [ RunTime:0.000381s ]
INFO: Run Behavior\ParseTemplateBehavior [ RunTime:0.013390s ]
INFO: [ view_parse ] --END-- [ RunTime:0.013442s ]
INFO: [ view_filter ] --START--
INFO: Run Behavior\WriteHtmlCacheBehavior [ RunTime:0.000480s ]
INFO: [ view_filter ] --END-- [ RunTime:0.000507s ]
INFO: [ app_end ] --START--
INFO: Run Behavior\ShowPageTraceBehavior [ RunTime:0.000995s ]
INFO: [ app_end ] --END-- [ RunTime:0.001053s ]

[ 2017-08-27T19:39:05+08:00 ] 127.0.0.1 /
INFO: [ app_init ] --START--
INFO: Run Behavior\BuildLiteBehavior [ RunTime:0.000011s ]
INFO: [ app_init ] --END-- [ RunTime:0.011040s ]
INFO: [ app_begin ] --START--
INFO: Run Behavior\ReadHtmlCacheBehavior [ RunTime:0.016243s ]
INFO: [ app_begin ] --END-- [ RunTime:0.016298s ]
SQL: SHOW COLUMNS FROM `setting` [ RunTime:0.0223s ]
SQL: SELECT * FROM `setting`  [ RunTime:0.0014s ]
SQL: SHOW COLUMNS FROM `page` [ RunTime:0.0181s ]
SQL: SELECT COUNT(*) AS tp_count FROM `page` LIMIT 1   [ RunTime:0.0024s ]
SQL: SELECT * FROM `page` ORDER BY pid desc LIMIT 0,10   [ RunTime:0.0006s ]
INFO: [ view_parse ] --START--
INFO: [ template_filter ] --START--
INFO: Run Behavior\ContentReplaceBehavior [ RunTime:0.000079s ]
INFO: [ template_filter ] --END-- [ RunTime:0.000119s ]
INFO: Run Behavior\ParseTemplateBehavior [ RunTime:0.133823s ]
INFO: [ view_parse ] --END-- [ RunTime:0.133865s ]
INFO: [ view_filter ] --START--
INFO: Run Behavior\WriteHtmlCacheBehavior [ RunTime:0.010809s ]
INFO: [ view_filter ] --END-- [ RunTime:0.010847s ]
INFO: [ app_end ] --START--
INFO: Run Behavior\ShowPageTraceBehavior [ RunTime:0.028183s ]
INFO: [ app_end ] --END-- [ RunTime:0.028376s ]

[ 2017-08-27T19:39:08+08:00 ] 127.0.0.1 /index.php/Home/Ms.html
INFO: [ app_init ] --START--
INFO: Run Behavior\BuildLiteBehavior [ RunTime:0.000008s ]
INFO: [ app_init ] --END-- [ RunTime:0.000261s ]
INFO: [ app_begin ] --START--
INFO: Run Behavior\ReadHtmlCacheBehavior [ RunTime:0.000462s ]
INFO: [ app_begin ] --END-- [ RunTime:0.000492s ]
SQL: SHOW COLUMNS FROM `setting` [ RunTime:0.0100s ]
SQL: SELECT * FROM `setting`  [ RunTime:0.0003s ]
SQL: SHOW COLUMNS FROM `ms` [ RunTime:0.0121s ]
SQL: SELECT COUNT(*) AS tp_count FROM `ms` LIMIT 1   [ RunTime:0.0003s ]
SQL: SELECT * FROM `ms` ORDER BY mid desc LIMIT 0,10   [ RunTime:0.0003s ]
INFO: [ view_parse ] --START--
INFO: [ template_filter ] --START--
INFO: Run Behavior\ContentReplaceBehavior [ RunTime:0.000041s ]
INFO: [ template_filter ] --END-- [ RunTime:0.000082s ]
INFO: Run Behavior\ParseTemplateBehavior [ RunTime:0.031999s ]
INFO: [ view_parse ] --END-- [ RunTime:0.032043s ]
INFO: [ view_filter ] --START--
INFO: Run Behavior\WriteHtmlCacheBehavior [ RunTime:0.000308s ]
INFO: [ view_filter ] --END-- [ RunTime:0.000335s ]
INFO: [ app_end ] --START--
INFO: Run Behavior\ShowPageTraceBehavior [ RunTime:0.000439s ]
INFO: [ app_end ] --END-- [ RunTime:0.000465s ]

[ 2017-08-27T19:39:10+08:00 ] 127.0.0.1 /index.php/Home/Index.html
INFO: [ app_init ] --START--
INFO: Run Behavior\BuildLiteBehavior [ RunTime:0.000013s ]
INFO: [ app_init ] --END-- [ RunTime:0.000268s ]
INFO: [ app_begin ] --START--
INFO: Run Behavior\ReadHtmlCacheBehavior [ RunTime:0.000578s ]
INFO: [ app_begin ] --END-- [ RunTime:0.000631s ]
SQL: SHOW COLUMNS FROM `setting` [ RunTime:0.0110s ]
SQL: SELECT * FROM `setting`  [ RunTime:0.0003s ]
SQL: SHOW COLUMNS FROM `page` [ RunTime:0.0073s ]
SQL: SELECT COUNT(*) AS tp_count FROM `page` LIMIT 1   [ RunTime:0.0004s ]
SQL: SELECT * FROM `page` ORDER BY pid desc LIMIT 0,10   [ RunTime:0.0003s ]
INFO: [ view_parse ] --START--
INFO: [ template_filter ] --START--
INFO: Run Behavior\ContentReplaceBehavior [ RunTime:0.000035s ]
INFO: [ template_filter ] --END-- [ RunTime:0.000067s ]
INFO: Run Behavior\ParseTemplateBehavior [ RunTime:0.020373s ]
INFO: [ view_parse ] --END-- [ RunTime:0.020411s ]
INFO: [ view_filter ] --START--
INFO: Run Behavior\WriteHtmlCacheBehavior [ RunTime:0.000393s ]
INFO: [ view_filter ] --END-- [ RunTime:0.000419s ]
INFO: [ app_end ] --START--
INFO: Run Behavior\ShowPageTraceBehavior [ RunTime:0.000916s ]
INFO: [ app_end ] --END-- [ RunTime:0.001004s ]

[ 2017-08-27T19:43:14+08:00 ] 127.0.0.1 /
INFO: [ app_init ] --START--
INFO: Run Behavior\BuildLiteBehavior [ RunTime:0.000013s ]
INFO: [ app_init ] --END-- [ RunTime:0.000395s ]
INFO: [ app_begin ] --START--
INFO: Run Behavior\ReadHtmlCacheBehavior [ RunTime:0.000707s ]
INFO: [ app_begin ] --END-- [ RunTime:0.000753s ]
SQL: SHOW COLUMNS FROM `setting` [ RunTime:0.0108s ]
SQL: SELECT * FROM `setting`  [ RunTime:0.0004s ]
SQL: SHOW COLUMNS FROM `page` [ RunTime:0.0076s ]
SQL: SELECT COUNT(*) AS tp_count FROM `page` LIMIT 1   [ RunTime:0.0003s ]
SQL: SELECT * FROM `page` ORDER BY pid desc LIMIT 0,10   [ RunTime:0.0003s ]
INFO: [ view_parse ] --START--
INFO: [ template_filter ] --START--
INFO: Run Behavior\ContentReplaceBehavior [ RunTime:0.000036s ]
INFO: [ template_filter ] --END-- [ RunTime:0.000074s ]
INFO: Run Behavior\ParseTemplateBehavior [ RunTime:0.005571s ]
INFO: [ view_parse ] --END-- [ RunTime:0.005607s ]
INFO: [ view_filter ] --START--
INFO: Run Behavior\WriteHtmlCacheBehavior [ RunTime:0.000307s ]
INFO: [ view_filter ] --END-- [ RunTime:0.000331s ]
INFO: [ app_end ] --START--
INFO: Run Behavior\ShowPageTraceBehavior [ RunTime:0.000794s ]
INFO: [ app_end ] --END-- [ RunTime:0.000866s ]

[ 2017-08-27T20:21:56+08:00 ] 127.0.0.1 /index.php
INFO: [ app_init ] --START--
INFO: Run Behavior\BuildLiteBehavior [ RunTime:0.000010s ]
INFO: [ app_init ] --END-- [ RunTime:0.000271s ]
INFO: [ app_begin ] --START--
INFO: Run Behavior\ReadHtmlCacheBehavior [ RunTime:0.000424s ]
INFO: [ app_begin ] --END-- [ RunTime:0.000456s ]
SQL: SHOW COLUMNS FROM `setting` [ RunTime:0.0125s ]
SQL: SELECT * FROM `setting`  [ RunTime:0.0003s ]
SQL: SHOW COLUMNS FROM `page` [ RunTime:0.0079s ]
SQL: SELECT COUNT(*) AS tp_count FROM `page` LIMIT 1   [ RunTime:0.0003s ]
SQL: SELECT * FROM `page` ORDER BY pid desc LIMIT 0,10   [ RunTime:0.0003s ]
INFO: [ view_parse ] --START--
INFO: [ template_filter ] --START--
INFO: Run Behavior\ContentReplaceBehavior [ RunTime:0.000034s ]
INFO: [ template_filter ] --END-- [ RunTime:0.000063s ]
INFO: Run Behavior\ParseTemplateBehavior [ RunTime:0.023220s ]
INFO: [ view_parse ] --END-- [ RunTime:0.023262s ]
INFO: [ view_filter ] --START--
INFO: Run Behavior\WriteHtmlCacheBehavior [ RunTime:0.000444s ]
INFO: [ view_filter ] --END-- [ RunTime:0.000469s ]
INFO: [ app_end ] --START--
INFO: Run Behavior\ShowPageTraceBehavior [ RunTime:0.000951s ]
INFO: [ app_end ] --END-- [ RunTime:0.000995s ]

[ 2017-08-27T20:23:21+08:00 ] 127.0.0.1 /
INFO: [ app_init ] --START--
INFO: Run Behavior\BuildLiteBehavior [ RunTime:0.000019s ]
INFO: [ app_init ] --END-- [ RunTime:0.000443s ]
INFO: [ app_begin ] --START--
INFO: Run Behavior\ReadHtmlCacheBehavior [ RunTime:0.000444s ]
INFO: [ app_begin ] --END-- [ RunTime:0.000476s ]
SQL: SHOW COLUMNS FROM `setting` [ RunTime:0.0119s ]
SQL: SELECT * FROM `setting`  [ RunTime:0.0003s ]
SQL: SHOW COLUMNS FROM `page` [ RunTime:0.0080s ]
SQL: SELECT COUNT(*) AS tp_count FROM `page` LIMIT 1   [ RunTime:0.0003s ]
SQL: SELECT * FROM `page` ORDER BY pid desc LIMIT 0,10   [ RunTime:0.0003s ]
INFO: [ view_parse ] --START--
INFO: [ template_filter ] --START--
INFO: Run Behavior\ContentReplaceBehavior [ RunTime:0.000036s ]
INFO: [ template_filter ] --END-- [ RunTime:0.000067s ]
INFO: Run Behavior\ParseTemplateBehavior [ RunTime:0.006726s ]
INFO: [ view_parse ] --END-- [ RunTime:0.006805s ]
INFO: [ view_filter ] --START--
INFO: Run Behavior\WriteHtmlCacheBehavior [ RunTime:0.000651s ]
INFO: [ view_filter ] --END-- [ RunTime:0.000696s ]
INFO: [ app_end ] --START--
INFO: Run Behavior\ShowPageTraceBehavior [ RunTime:0.000887s ]
INFO: [ app_end ] --END-- [ RunTime:0.000950s ]

[ 2017-08-27T20:31:49+08:00 ] 127.0.0.1 /
INFO: [ app_init ] --START--
INFO: Run Behavior\BuildLiteBehavior [ RunTime:0.000008s ]
INFO: [ app_init ] --END-- [ RunTime:0.000313s ]
INFO: [ app_begin ] --START--
INFO: Run Behavior\ReadHtmlCacheBehavior [ RunTime:0.000543s ]
INFO: [ app_begin ] --END-- [ RunTime:0.000575s ]
SQL: SHOW COLUMNS FROM `setting` [ RunTime:0.0097s ]
SQL: SELECT * FROM `setting`  [ RunTime:0.0003s ]
SQL: SHOW COLUMNS FROM `page` [ RunTime:0.0077s ]
SQL: SELECT COUNT(*) AS tp_count FROM `page` LIMIT 1   [ RunTime:0.0003s ]
SQL: SELECT * FROM `page` ORDER BY pid desc LIMIT 0,10   [ RunTime:0.0003s ]
INFO: [ view_parse ] --START--
INFO: [ template_filter ] --START--
INFO: Run Behavior\ContentReplaceBehavior [ RunTime:0.000034s ]
INFO: [ template_filter ] --END-- [ RunTime:0.000066s ]
INFO: Run Behavior\ParseTemplateBehavior [ RunTime:0.021536s ]
INFO: [ view_parse ] --END-- [ RunTime:0.021576s ]
INFO: [ view_filter ] --START--
INFO: Run Behavior\WriteHtmlCacheBehavior [ RunTime:0.000451s ]
INFO: [ view_filter ] --END-- [ RunTime:0.000478s ]
INFO: [ app_end ] --START--
INFO: Run Behavior\ShowPageTraceBehavior [ RunTime:0.000937s ]
INFO: [ app_end ] --END-- [ RunTime:0.001023s ]

[ 2017-08-27T20:34:48+08:00 ] 127.0.0.1 /
INFO: [ app_init ] --START--
INFO: Run Behavior\BuildLiteBehavior [ RunTime:0.000080s ]
INFO: [ app_init ] --END-- [ RunTime:0.001878s ]
INFO: [ app_begin ] --START--
INFO: Run Behavior\ReadHtmlCacheBehavior [ RunTime:0.001981s ]
INFO: [ app_begin ] --END-- [ RunTime:0.002196s ]
SQL: SHOW COLUMNS FROM `setting` [ RunTime:0.0170s ]
SQL: SELECT * FROM `setting`  [ RunTime:0.0003s ]
SQL: SHOW COLUMNS FROM `page` [ RunTime:0.0213s ]
SQL: SELECT COUNT(*) AS tp_count FROM `page` LIMIT 1   [ RunTime:0.0009s ]
SQL: SELECT * FROM `page` ORDER BY pid desc LIMIT 0,10   [ RunTime:0.0005s ]
INFO: [ view_parse ] --START--
INFO: [ template_filter ] --START--
INFO: Run Behavior\ContentReplaceBehavior [ RunTime:0.000165s ]
INFO: [ template_filter ] --END-- [ RunTime:0.000338s ]
INFO: Run Behavior\ParseTemplateBehavior [ RunTime:0.041307s ]
INFO: [ view_parse ] --END-- [ RunTime:0.041351s ]
INFO: [ view_filter ] --START--
INFO: Run Behavior\WriteHtmlCacheBehavior [ RunTime:0.000436s ]
INFO: [ view_filter ] --END-- [ RunTime:0.000465s ]
INFO: [ app_end ] --START--
INFO: Run Behavior\ShowPageTraceBehavior [ RunTime:0.002495s ]
INFO: [ app_end ] --END-- [ RunTime:0.002812s ]

[ 2017-08-27T20:39:32+08:00 ] 127.0.0.1 /
INFO: [ app_init ] --START--
INFO: Run Behavior\BuildLiteBehavior [ RunTime:0.000012s ]
INFO: [ app_init ] --END-- [ RunTime:0.000587s ]
INFO: [ app_begin ] --START--
INFO: Run Behavior\ReadHtmlCacheBehavior [ RunTime:0.000551s ]
INFO: [ app_begin ] --END-- [ RunTime:0.000589s ]
SQL: SHOW COLUMNS FROM `setting` [ RunTime:0.0152s ]
SQL: SELECT * FROM `setting`  [ RunTime:0.0011s ]
SQL: SHOW COLUMNS FROM `page` [ RunTime:0.0124s ]
SQL: SELECT COUNT(*) AS tp_count FROM `page` LIMIT 1   [ RunTime:0.0010s ]
SQL: SELECT * FROM `page` ORDER BY pid desc LIMIT 0,10   [ RunTime:0.0008s ]
INFO: [ view_parse ] --START--
INFO: [ template_filter ] --START--
INFO: Run Behavior\ContentReplaceBehavior [ RunTime:0.000040s ]
INFO: [ template_filter ] --END-- [ RunTime:0.000095s ]
INFO: Run Behavior\ParseTemplateBehavior [ RunTime:0.037431s ]
INFO: [ view_parse ] --END-- [ RunTime:0.037562s ]
INFO: [ view_filter ] --START--
INFO: Run Behavior\WriteHtmlCacheBehavior [ RunTime:0.002086s ]
INFO: [ view_filter ] --END-- [ RunTime:0.002253s ]
INFO: [ app_end ] --START--
INFO: Run Behavior\ShowPageTraceBehavior [ RunTime:0.001509s ]
INFO: [ app_end ] --END-- [ RunTime:0.001618s ]

[ 2017-08-27T20:39:33+08:00 ] 127.0.0.1 /
INFO: [ app_init ] --START--
INFO: Run Behavior\BuildLiteBehavior [ RunTime:0.000010s ]
INFO: [ app_init ] --END-- [ RunTime:0.000292s ]
INFO: [ app_begin ] --START--
INFO: Run Behavior\ReadHtmlCacheBehavior [ RunTime:0.000444s ]
INFO: [ app_begin ] --END-- [ RunTime:0.000477s ]
SQL: SHOW COLUMNS FROM `setting` [ RunTime:0.0160s ]
SQL: SELECT * FROM `setting`  [ RunTime:0.0003s ]
SQL: SHOW COLUMNS FROM `page` [ RunTime:0.0129s ]
SQL: SELECT COUNT(*) AS tp_count FROM `page` LIMIT 1   [ RunTime:0.0003s ]
SQL: SELECT * FROM `page` ORDER BY pid desc LIMIT 0,10   [ RunTime:0.0016s ]
INFO: [ view_parse ] --START--
INFO: [ template_filter ] --START--
INFO: Run Behavior\ContentReplaceBehavior [ RunTime:0.000038s ]
INFO: [ template_filter ] --END-- [ RunTime:0.000077s ]
INFO: Run Behavior\ParseTemplateBehavior [ RunTime:0.007461s ]
INFO: [ view_parse ] --END-- [ RunTime:0.007512s ]
INFO: [ view_filter ] --START--
INFO: Run Behavior\WriteHtmlCacheBehavior [ RunTime:0.000346s ]
INFO: [ view_filter ] --END-- [ RunTime:0.000414s ]
INFO: [ app_end ] --START--
INFO: Run Behavior\ShowPageTraceBehavior [ RunTime:0.000743s ]
INFO: [ app_end ] --END-- [ RunTime:0.000840s ]

[ 2017-08-27T20:39:56+08:00 ] 127.0.0.1 /
INFO: [ app_init ] --START--
INFO: Run Behavior\BuildLiteBehavior [ RunTime:0.000010s ]
INFO: [ app_init ] --END-- [ RunTime:0.000312s ]
INFO: [ app_begin ] --START--
INFO: Run Behavior\ReadHtmlCacheBehavior [ RunTime:0.001164s ]
INFO: [ app_begin ] --END-- [ RunTime:0.001355s ]
SQL: SHOW COLUMNS FROM `setting` [ RunTime:0.0203s ]
SQL: SELECT * FROM `setting`  [ RunTime:0.0008s ]
SQL: SHOW COLUMNS FROM `page` [ RunTime:0.0129s ]
SQL: SELECT COUNT(*) AS tp_count FROM `page` LIMIT 1   [ RunTime:0.0003s ]
SQL: SELECT * FROM `page` ORDER BY pid desc LIMIT 0,10   [ RunTime:0.0003s ]
INFO: [ view_parse ] --START--
INFO: [ template_filter ] --START--
INFO: Run Behavior\ContentReplaceBehavior [ RunTime:0.000070s ]
INFO: [ template_filter ] --END-- [ RunTime:0.000176s ]
INFO: Run Behavior\ParseTemplateBehavior [ RunTime:0.039288s ]
INFO: [ view_parse ] --END-- [ RunTime:0.039347s ]
INFO: [ view_filter ] --START--
INFO: Run Behavior\WriteHtmlCacheBehavior [ RunTime:0.000622s ]
INFO: [ view_filter ] --END-- [ RunTime:0.000667s ]
INFO: [ app_end ] --START--
INFO: Run Behavior\ShowPageTraceBehavior [ RunTime:0.000907s ]
INFO: [ app_end ] --END-- [ RunTime:0.001035s ]

[ 2017-08-27T20:40:16+08:00 ] 127.0.0.1 /
INFO: [ app_init ] --START--
INFO: Run Behavior\BuildLiteBehavior [ RunTime:0.000011s ]
INFO: [ app_init ] --END-- [ RunTime:0.000300s ]
INFO: [ app_begin ] --START--
INFO: Run Behavior\ReadHtmlCacheBehavior [ RunTime:0.000614s ]
INFO: [ app_begin ] --END-- [ RunTime:0.000651s ]
SQL: SHOW COLUMNS FROM `setting` [ RunTime:0.0198s ]
SQL: SELECT * FROM `setting`  [ RunTime:0.0003s ]
SQL: SHOW COLUMNS FROM `page` [ RunTime:0.0135s ]
SQL: SELECT COUNT(*) AS tp_count FROM `page` LIMIT 1   [ RunTime:0.0003s ]
SQL: SELECT * FROM `page` ORDER BY pid desc LIMIT 0,10   [ RunTime:0.0004s ]
INFO: [ view_parse ] --START--
INFO: [ template_filter ] --START--
INFO: Run Behavior\ContentReplaceBehavior [ RunTime:0.000043s ]
INFO: [ template_filter ] --END-- [ RunTime:0.000090s ]
INFO: Run Behavior\ParseTemplateBehavior [ RunTime:0.011724s ]
INFO: [ view_parse ] --END-- [ RunTime:0.011764s ]
INFO: [ view_filter ] --START--
INFO: Run Behavior\WriteHtmlCacheBehavior [ RunTime:0.000392s ]
INFO: [ view_filter ] --END-- [ RunTime:0.000419s ]
INFO: [ app_end ] --START--
INFO: Run Behavior\ShowPageTraceBehavior [ RunTime:0.000916s ]
INFO: [ app_end ] --END-- [ RunTime:0.000986s ]

[ 2017-08-27T20:40:33+08:00 ] 127.0.0.1 /
INFO: [ app_init ] --START--
INFO: Run Behavior\BuildLiteBehavior [ RunTime:0.000071s ]
INFO: [ app_init ] --END-- [ RunTime:0.001263s ]
INFO: [ app_begin ] --START--
INFO: Run Behavior\ReadHtmlCacheBehavior [ RunTime:0.001938s ]
INFO: [ app_begin ] --END-- [ RunTime:0.002155s ]
SQL: SHOW COLUMNS FROM `setting` [ RunTime:0.0197s ]
SQL: SELECT * FROM `setting`  [ RunTime:0.0004s ]
SQL: SHOW COLUMNS FROM `page` [ RunTime:0.0091s ]
SQL: SELECT COUNT(*) AS tp_count FROM `page` LIMIT 1   [ RunTime:0.0002s ]
SQL: SELECT * FROM `page` ORDER BY pid desc LIMIT 0,10   [ RunTime:0.0025s ]
INFO: [ view_parse ] --START--
INFO: [ template_filter ] --START--
INFO: Run Behavior\ContentReplaceBehavior [ RunTime:0.000159s ]
INFO: [ template_filter ] --END-- [ RunTime:0.000334s ]
INFO: Run Behavior\ParseTemplateBehavior [ RunTime:0.016842s ]
INFO: [ view_parse ] --END-- [ RunTime:0.016976s ]
INFO: [ view_filter ] --START--
INFO: Run Behavior\WriteHtmlCacheBehavior [ RunTime:0.000684s ]
INFO: [ view_filter ] --END-- [ RunTime:0.000740s ]
INFO: [ app_end ] --START--
INFO: Run Behavior\ShowPageTraceBehavior [ RunTime:0.000992s ]
INFO: [ app_end ] --END-- [ RunTime:0.001065s ]

