[ 2017-08-02T17:11:04+08:00 ] 127.0.0.1 /favicon.ico
INFO: [ app_init ] --START--
INFO: Run Behavior\BuildLiteBehavior [ RunTime:0.000010s ]
INFO: [ app_init ] --END-- [ RunTime:0.000381s ]
ERR: 无法加载模块:Favicon

[ 2017-08-02T21:52:31+08:00 ] 127.0.0.1 /favicon.ico
INFO: [ app_init ] --START--
INFO: Run Behavior\BuildLiteBehavior [ RunTime:0.000047s ]
INFO: [ app_init ] --END-- [ RunTime:0.001912s ]
ERR: 无法加载模块:Favicon

[ 2017-08-02T21:55:24+08:00 ] 127.0.0.1 /Public/jquery-1.4.1-vsdoc.js
INFO: [ app_init ] --START--
INFO: Run Behavior\BuildLiteBehavior [ RunTime:0.000009s ]
INFO: [ app_init ] --END-- [ RunTime:0.000347s ]
ERR: 无法加载模块:Public

[ 2017-08-02T21:55:24+08:00 ] 127.0.0.1 /Public/uploadify/jquery.uploadify-3.1.js
INFO: [ app_init ] --START--
INFO: Run Behavior\BuildLiteBehavior [ RunTime:0.000029s ]
INFO: [ app_init ] --END-- [ RunTime:0.000718s ]
ERR: 无法加载模块:Public

[ 2017-08-02T21:55:24+08:00 ] 127.0.0.1 /Public/images/130_
INFO: [ app_init ] --START--
INFO: Run Behavior\BuildLiteBehavior [ RunTime:0.000016s ]
INFO: [ app_init ] --END-- [ RunTime:0.000527s ]
ERR: 无法加载模块:Public

[ 2017-08-02T21:56:18+08:00 ] 127.0.0.1 /Public/uploadify/jquery.uploadify-3.1.js
INFO: [ app_init ] --START--
INFO: Run Behavior\BuildLiteBehavior [ RunTime:0.000011s ]
INFO: [ app_init ] --END-- [ RunTime:0.000554s ]
ERR: 无法加载模块:Public

[ 2017-08-02T21:56:18+08:00 ] 127.0.0.1 /Public/jquery-1.4.1-vsdoc.js
INFO: [ app_init ] --START--
INFO: Run Behavior\BuildLiteBehavior [ RunTime:0.000010s ]
INFO: [ app_init ] --END-- [ RunTime:0.000553s ]
ERR: 无法加载模块:Public

[ 2017-08-02T21:56:18+08:00 ] 127.0.0.1 /Public/images/130_
INFO: [ app_init ] --START--
INFO: Run Behavior\BuildLiteBehavior [ RunTime:0.000023s ]
INFO: [ app_init ] --END-- [ RunTime:0.000454s ]
ERR: 无法加载模块:Public

[ 2017-08-02T21:56:18+08:00 ] 127.0.0.1 /Public/uploadify/jquery.uploadify-3.1.js
INFO: [ app_init ] --START--
INFO: Run Behavior\BuildLiteBehavior [ RunTime:0.000028s ]
INFO: [ app_init ] --END-- [ RunTime:0.001291s ]
ERR: 无法加载模块:Public

[ 2017-08-02T21:56:18+08:00 ] 127.0.0.1 /Public/images/130_
INFO: [ app_init ] --START--
INFO: Run Behavior\BuildLiteBehavior [ RunTime:0.000031s ]
INFO: [ app_init ] --END-- [ RunTime:0.000904s ]
ERR: 无法加载模块:Public

[ 2017-08-02T21:56:20+08:00 ] 127.0.0.1 /Public/jquery-1.4.1-vsdoc.js
INFO: [ app_init ] --START--
INFO: Run Behavior\BuildLiteBehavior [ RunTime:0.000009s ]
INFO: [ app_init ] --END-- [ RunTime:0.000281s ]
ERR: 无法加载模块:Public

[ 2017-08-02T21:56:20+08:00 ] 127.0.0.1 /Public/uploadify/jquery.uploadify-3.1.js
INFO: [ app_init ] --START--
INFO: Run Behavior\BuildLiteBehavior [ RunTime:0.000030s ]
INFO: [ app_init ] --END-- [ RunTime:0.000604s ]
ERR: 无法加载模块:Public

[ 2017-08-02T21:56:20+08:00 ] 127.0.0.1 /Public/images/130_
INFO: [ app_init ] --START--
INFO: Run Behavior\BuildLiteBehavior [ RunTime:0.000081s ]
INFO: [ app_init ] --END-- [ RunTime:0.002233s ]
ERR: 无法加载模块:Public

[ 2017-08-02T22:03:48+08:00 ] 127.0.0.1 /Public/images/130_
INFO: [ app_init ] --START--
INFO: Run Behavior\BuildLiteBehavior [ RunTime:0.000011s ]
INFO: [ app_init ] --END-- [ RunTime:0.000365s ]
ERR: 无法加载模块:Public

[ 2017-08-02T22:03:48+08:00 ] 127.0.0.1 /Public/images/130_
INFO: [ app_init ] --START--
INFO: Run Behavior\BuildLiteBehavior [ RunTime:0.000101s ]
INFO: [ app_init ] --END-- [ RunTime:0.002023s ]
ERR: 无法加载模块:Public

[ 2017-08-02T22:03:48+08:00 ] 127.0.0.1 /Public/js/uploadify.swf?preventswfcaching=1501682628263
INFO: [ app_init ] --START--
INFO: Run Behavior\BuildLiteBehavior [ RunTime:0.000013s ]
INFO: [ app_init ] --END-- [ RunTime:0.000346s ]
ERR: 无法加载模块:Public

[ 2017-08-02T22:04:01+08:00 ] 127.0.0.1 /Public/images/130_
INFO: [ app_init ] --START--
INFO: Run Behavior\BuildLiteBehavior [ RunTime:0.000068s ]
INFO: [ app_init ] --END-- [ RunTime:0.002046s ]
ERR: 无法加载模块:Public

[ 2017-08-02T22:04:02+08:00 ] 127.0.0.1 /Public/js/uploadify.swf?preventswfcaching=1501682641959
INFO: [ app_init ] --START--
INFO: Run Behavior\BuildLiteBehavior [ RunTime:0.000052s ]
INFO: [ app_init ] --END-- [ RunTime:0.001987s ]
ERR: 无法加载模块:Public

[ 2017-08-02T22:04:40+08:00 ] 127.0.0.1 /Public/images/130_
INFO: [ app_init ] --START--
INFO: Run Behavior\BuildLiteBehavior [ RunTime:0.000072s ]
INFO: [ app_init ] --END-- [ RunTime:0.001974s ]
ERR: 无法加载模块:Public

[ 2017-08-02T22:04:40+08:00 ] 127.0.0.1 /Public/js/uploadify.swf?preventswfcaching=1501682680742
INFO: [ app_init ] --START--
INFO: Run Behavior\BuildLiteBehavior [ RunTime:0.000035s ]
INFO: [ app_init ] --END-- [ RunTime:0.001135s ]
ERR: 无法加载模块:Public

[ 2017-08-02T22:08:26+08:00 ] 127.0.0.1 /Public/images/130_
INFO: [ app_init ] --START--
INFO: Run Behavior\BuildLiteBehavior [ RunTime:0.000015s ]
INFO: [ app_init ] --END-- [ RunTime:0.000459s ]
ERR: 无法加载模块:Public

[ 2017-08-02T22:08:34+08:00 ] 127.0.0.1 /Public/img/uploadify-cancel.png
INFO: [ app_init ] --START--
INFO: Run Behavior\BuildLiteBehavior [ RunTime:0.000012s ]
INFO: [ app_init ] --END-- [ RunTime:0.000374s ]
ERR: 无法加载模块:Public

[ 2017-08-02T22:08:34+08:00 ] 127.0.0.1 /Test/uploadify
INFO: [ app_init ] --START--
INFO: Run Behavior\BuildLiteBehavior [ RunTime:0.000041s ]
INFO: [ app_init ] --END-- [ RunTime:0.001066s ]
ERR: 无法加载模块:Test

[ 2017-08-02T22:09:54+08:00 ] 127.0.0.1 /Public/images/130_
INFO: [ app_init ] --START--
INFO: Run Behavior\BuildLiteBehavior [ RunTime:0.000044s ]
INFO: [ app_init ] --END-- [ RunTime:0.000767s ]
ERR: 无法加载模块:Public

[ 2017-08-02T22:10:08+08:00 ] 127.0.0.1 /Public/img/uploadify-cancel.png
INFO: [ app_init ] --START--
INFO: Run Behavior\BuildLiteBehavior [ RunTime:0.000012s ]
INFO: [ app_init ] --END-- [ RunTime:0.000475s ]
ERR: 无法加载模块:Public

[ 2017-08-02T22:10:08+08:00 ] 127.0.0.1 /Test/uploadify
INFO: [ app_init ] --START--
INFO: Run Behavior\BuildLiteBehavior [ RunTime:0.000066s ]
INFO: [ app_init ] --END-- [ RunTime:0.002227s ]
ERR: 无法加载模块:Test

[ 2017-08-02T23:46:17+08:00 ] 127.0.0.1 /Uploads/acatar/13.jpg
INFO: [ app_init ] --START--
INFO: Run Behavior\BuildLiteBehavior [ RunTime:0.000080s ]
INFO: [ app_init ] --END-- [ RunTime:0.002031s ]
ERR: 无法加载模块:Uploads

[ 2017-08-02T23:46:17+08:00 ] 127.0.0.1 /Uploads/acatar/12.jpg
INFO: [ app_init ] --START--
INFO: Run Behavior\BuildLiteBehavior [ RunTime:0.000017s ]
INFO: [ app_init ] --END-- [ RunTime:0.000995s ]
ERR: 无法加载模块:Uploads

[ 2017-08-02T23:46:17+08:00 ] 127.0.0.1 /Uploads/acatar/6.jpg
INFO: [ app_init ] --START--
INFO: Run Behavior\BuildLiteBehavior [ RunTime:0.000014s ]
INFO: [ app_init ] --END-- [ RunTime:0.000423s ]
ERR: 无法加载模块:Uploads

[ 2017-08-02T23:46:17+08:00 ] 127.0.0.1 /Uploads/acatar/8.jpg
INFO: [ app_init ] --START--
INFO: Run Behavior\BuildLiteBehavior [ RunTime:0.000016s ]
INFO: [ app_init ] --END-- [ RunTime:0.000531s ]
ERR: 无法加载模块:Uploads


[ 2017-08-02T23:46:17+08:00 ] 127.0.0.1 /Uploads/acatar/11.jpg
INFO: [ app_init ] --START--
INFO: Run Behavior\BuildLiteBehavior [ RunTime:0.000009s ]
INFO: [ app_init ] --END-- [ RunTime:0.000357s ]
ERR: 无法加载模块:Uploads

[ 2017-08-02T23:46:17+08:00 ] 127.0.0.1 /Uploads/acatar/5.jpg
INFO: [ app_init ] --START--
INFO: Run Behavior\BuildLiteBehavior [ RunTime:0.000014s ]
INFO: [ app_init ] --END-- [ RunTime:0.000576s ]
ERR: 无法加载模块:Uploads

[ 2017-08-02T23:46:18+08:00 ] 127.0.0.1 /Uploads/acatar/4.jpg
INFO: [ app_init ] --START--
INFO: Run Behavior\BuildLiteBehavior [ RunTime:0.000020s ]
INFO: [ app_init ] --END-- [ RunTime:0.000743s ]
ERR: 无法加载模块:Uploads

[ 2017-08-02T23:46:17+08:00 ] 127.0.0.1 /Uploads/acatar/7.jpg
INFO: [ app_init ] --START--
INFO: Run Behavior\BuildLiteBehavior [ RunTime:0.000019s ]
INFO: [ app_init ] --END-- [ RunTime:0.000366s ]
ERR: 无法加载模块:Uploads

[ 2017-08-02T23:46:54+08:00 ] 127.0.0.1 /Uploads/avatar/11.jpg
INFO: [ app_init ] --START--
INFO: Run Behavior\BuildLiteBehavior [ RunTime:0.000034s ]
INFO: [ app_init ] --END-- [ RunTime:0.001954s ]
ERR: 无法加载模块:Uploads

[ 2017-08-02T23:46:55+08:00 ] 127.0.0.1 /Uploads/avatar/10.jpg
INFO: [ app_init ] --START--
INFO: Run Behavior\BuildLiteBehavior [ RunTime:0.000124s ]
INFO: [ app_init ] --END-- [ RunTime:0.001426s ]
ERR: 无法加载模块:Uploads

[ 2017-08-02T23:46:55+08:00 ] 127.0.0.1 /Uploads/avatar/9.jpg
INFO: [ app_init ] --START--
INFO: Run Behavior\BuildLiteBehavior [ RunTime:0.000064s ]
INFO: [ app_init ] --END-- [ RunTime:0.007876s ]
ERR: 无法加载模块:Uploads

[ 2017-08-02T23:46:55+08:00 ] 127.0.0.1 /Uploads/avatar/6.jpg
INFO: [ app_init ] --START--
INFO: Run Behavior\BuildLiteBehavior [ RunTime:0.000044s ]
INFO: [ app_init ] --END-- [ RunTime:0.001053s ]
ERR: 无法加载模块:Uploads

[ 2017-08-02T23:46:55+08:00 ] 127.0.0.1 /Uploads/avatar/7.jpg
INFO: [ app_init ] --START--
INFO: Run Behavior\BuildLiteBehavior [ RunTime:0.000023s ]
INFO: [ app_init ] --END-- [ RunTime:0.000826s ]
ERR: 无法加载模块:Uploads

[ 2017-08-02T23:46:55+08:00 ] 127.0.0.1 /Uploads/avatar/8.jpg
INFO: [ app_init ] --START--
INFO: Run Behavior\BuildLiteBehavior [ RunTime:0.000016s ]
INFO: [ app_init ] --END-- [ RunTime:0.000546s ]
ERR: 无法加载模块:Uploads

[ 2017-08-02T23:46:55+08:00 ] 127.0.0.1 /Uploads/avatar/5.jpg
INFO: [ app_init ] --START--
INFO: Run Behavior\BuildLiteBehavior [ RunTime:0.000117s ]
INFO: [ app_init ] --END-- [ RunTime:0.001067s ]
ERR: 无法加载模块:Uploads

[ 2017-08-02T23:49:50+08:00 ] 127.0.0.1 /Uploads/avatar/11.jpg
INFO: [ app_init ] --START--
INFO: Run Behavior\BuildLiteBehavior [ RunTime:0.000011s ]
INFO: [ app_init ] --END-- [ RunTime:0.000450s ]
ERR: 无法加载模块:Uploads

[ 2017-08-02T23:49:50+08:00 ] 127.0.0.1 /Uploads/avatar/10.jpg
INFO: [ app_init ] --START--
INFO: Run Behavior\BuildLiteBehavior [ RunTime:0.000018s ]
INFO: [ app_init ] --END-- [ RunTime:0.000554s ]
ERR: 无法加载模块:Uploads

[ 2017-08-02T23:49:50+08:00 ] 127.0.0.1 /Uploads/avatar/9.jpg
INFO: [ app_init ] --START--
INFO: Run Behavior\BuildLiteBehavior [ RunTime:0.000023s ]
INFO: [ app_init ] --END-- [ RunTime:0.000590s ]
ERR: 无法加载模块:Uploads

[ 2017-08-02T23:49:50+08:00 ] 127.0.0.1 /Uploads/avatar/5.jpg
INFO: [ app_init ] --START--
INFO: Run Behavior\BuildLiteBehavior [ RunTime:0.000078s ]
INFO: [ app_init ] --END-- [ RunTime:0.001856s ]
ERR: 无法加载模块:Uploads

[ 2017-08-02T23:49:50+08:00 ] 127.0.0.1 /Uploads/avatar/6.jpg
INFO: [ app_init ] --START--
INFO: Run Behavior\BuildLiteBehavior [ RunTime:0.000012s ]
INFO: [ app_init ] --END-- [ RunTime:0.000452s ]
ERR: 无法加载模块:Uploads

[ 2017-08-02T23:49:50+08:00 ] 127.0.0.1 /Uploads/avatar/7.jpg
INFO: [ app_init ] --START--
INFO: Run Behavior\BuildLiteBehavior [ RunTime:0.000031s ]
INFO: [ app_init ] --END-- [ RunTime:0.001488s ]
ERR: 无法加载模块:Uploads

[ 2017-08-02T23:52:27+08:00 ] 127.0.0.1 /Uploads/avatar/11.jpg
INFO: [ app_init ] --START--
INFO: Run Behavior\BuildLiteBehavior [ RunTime:0.000021s ]
INFO: [ app_init ] --END-- [ RunTime:0.000533s ]
ERR: 无法加载模块:Uploads

[ 2017-08-02T23:52:27+08:00 ] 127.0.0.1 /Uploads/avatar/10.jpg
INFO: [ app_init ] --START--
INFO: Run Behavior\BuildLiteBehavior [ RunTime:0.000014s ]
INFO: [ app_init ] --END-- [ RunTime:0.000419s ]
ERR: 无法加载模块:Uploads

[ 2017-08-02T23:52:27+08:00 ] 127.0.0.1 /Uploads/avatar/6.jpg
INFO: [ app_init ] --START--
INFO: Run Behavior\BuildLiteBehavior [ RunTime:0.000038s ]
INFO: [ app_init ] --END-- [ RunTime:0.000770s ]
ERR: 无法加载模块:Uploads

[ 2017-08-02T23:52:27+08:00 ] 127.0.0.1 /Uploads/avatar/9.jpg
INFO: [ app_init ] --START--
INFO: Run Behavior\BuildLiteBehavior [ RunTime:0.000042s ]
INFO: [ app_init ] --END-- [ RunTime:0.001769s ]
ERR: 无法加载模块:Uploads

[ 2017-08-02T23:52:27+08:00 ] 127.0.0.1 /Uploads/avatar/8.jpg
INFO: [ app_init ] --START--
INFO: Run Behavior\BuildLiteBehavior [ RunTime:0.000028s ]
INFO: [ app_init ] --END-- [ RunTime:0.001202s ]
ERR: 无法加载模块:Uploads

[ 2017-08-02T23:53:06+08:00 ] 127.0.0.1 /Uploads/avatar/11.jpg
INFO: [ app_init ] --START--
INFO: Run Behavior\BuildLiteBehavior [ RunTime:0.000024s ]
INFO: [ app_init ] --END-- [ RunTime:0.000980s ]
ERR: 无法加载模块:Uploads

[ 2017-08-02T23:53:06+08:00 ] 127.0.0.1 /Uploads/avatar/9.jpg
INFO: [ app_init ] --START--
INFO: Run Behavior\BuildLiteBehavior [ RunTime:0.000023s ]
INFO: [ app_init ] --END-- [ RunTime:0.000688s ]
ERR: 无法加载模块:Uploads

[ 2017-08-02T23:53:06+08:00 ] 127.0.0.1 /Uploads/avatar/8.jpg
INFO: [ app_init ] --START--
INFO: Run Behavior\BuildLiteBehavior [ RunTime:0.000019s ]
INFO: [ app_init ] --END-- [ RunTime:0.000669s ]
ERR: 无法加载模块:Uploads

[ 2017-08-02T23:53:06+08:00 ] 127.0.0.1 /Uploads/avatar/10.jpg
INFO: [ app_init ] --START--
INFO: Run Behavior\BuildLiteBehavior [ RunTime:0.000015s ]
INFO: [ app_init ] --END-- [ RunTime:0.000646s ]
ERR: 无法加载模块:Uploads

[ 2017-08-02T23:53:43+08:00 ] 127.0.0.1 /Uploads/avatar/11.jpg
INFO: [ app_init ] --START--
INFO: Run Behavior\BuildLiteBehavior [ RunTime:0.000013s ]
INFO: [ app_init ] --END-- [ RunTime:0.000498s ]
ERR: 无法加载模块:Uploads

[ 2017-08-02T23:53:43+08:00 ] 127.0.0.1 /Uploads/avatar/10.jpg
INFO: [ app_init ] --START--
INFO: Run Behavior\BuildLiteBehavior [ RunTime:0.000014s ]
INFO: [ app_init ] --END-- [ RunTime:0.000504s ]
ERR: 无法加载模块:Uploads

[ 2017-08-02T23:53:43+08:00 ] 127.0.0.1 /Uploads/avatar/8.jpg
INFO: [ app_init ] --START--
INFO: Run Behavior\BuildLiteBehavior [ RunTime:0.000047s ]
INFO: [ app_init ] --END-- [ RunTime:0.001605s ]
ERR: 无法加载模块:Uploads

[ 2017-08-02T23:53:43+08:00 ] 127.0.0.1 /Uploads/avatar/9.jpg
INFO: [ app_init ] --START--
INFO: Run Behavior\BuildLiteBehavior [ RunTime:0.000060s ]
INFO: [ app_init ] --END-- [ RunTime:0.001367s ]
ERR: 无法加载模块:Uploads

[ 2017-08-02T23:54:13+08:00 ] 127.0.0.1 /Uploads/avatar/15.jpg
INFO: [ app_init ] --START--
INFO: Run Behavior\BuildLiteBehavior [ RunTime:0.000015s ]
INFO: [ app_init ] --END-- [ RunTime:0.000425s ]
ERR: 无法加载模块:Uploads

[ 2017-08-02T23:54:13+08:00 ] 127.0.0.1 /Uploads/avatar/14.jpg
INFO: [ app_init ] --START--
INFO: Run Behavior\BuildLiteBehavior [ RunTime:0.000010s ]
INFO: [ app_init ] --END-- [ RunTime:0.000430s ]
ERR: 无法加载模块:Uploads

[ 2017-08-02T23:54:13+08:00 ] 127.0.0.1 /Uploads/avatar/10.jpg
INFO: [ app_init ] --START--
INFO: Run Behavior\BuildLiteBehavior [ RunTime:0.000049s ]
INFO: [ app_init ] --END-- [ RunTime:0.000713s ]
ERR: 无法加载模块:Uploads

[ 2017-08-02T23:54:13+08:00 ] 127.0.0.1 /Uploads/avatar/8.jpg
INFO: [ app_init ] --START--
INFO: Run Behavior\BuildLiteBehavior [ RunTime:0.000412s ]
INFO: [ app_init ] --END-- [ RunTime:0.001771s ]
ERR: 无法加载模块:Uploads


[ 2017-08-02T23:54:17+08:00 ] 127.0.0.1 /Uploads/avatar/15.jpg
INFO: [ app_init ] --START--
INFO: Run Behavior\BuildLiteBehavior [ RunTime:0.000015s ]
INFO: [ app_init ] --END-- [ RunTime:0.000672s ]
ERR: 无法加载模块:Uploads

[ 2017-08-02T23:54:17+08:00 ] 127.0.0.1 /Uploads/avatar/14.jpg
INFO: [ app_init ] --START--
INFO: Run Behavior\BuildLiteBehavior [ RunTime:0.000310s ]
INFO: [ app_init ] --END-- [ RunTime:0.000894s ]
ERR: 无法加载模块:Uploads

[ 2017-08-02T23:54:17+08:00 ] 127.0.0.1 /Uploads/avatar/8.jpg
INFO: [ app_init ] --START--
INFO: Run Behavior\BuildLiteBehavior [ RunTime:0.000050s ]
INFO: [ app_init ] --END-- [ RunTime:0.000820s ]
ERR: 无法加载模块:Uploads


[ 2017-08-02T23:54:17+08:00 ] 127.0.0.1 /Uploads/avatar/11.jpg
INFO: [ app_init ] --START--
INFO: Run Behavior\BuildLiteBehavior [ RunTime:0.000162s ]
INFO: [ app_init ] --END-- [ RunTime:0.002058s ]
ERR: 无法加载模块:Uploads

[ 2017-08-02T23:54:39+08:00 ] 127.0.0.1 /Uploads/avatar/15.jpg
INFO: [ app_init ] --START--
INFO: Run Behavior\BuildLiteBehavior [ RunTime:0.000009s ]
INFO: [ app_init ] --END-- [ RunTime:0.000361s ]
ERR: 无法加载模块:Uploads

[ 2017-08-02T23:54:39+08:00 ] 127.0.0.1 /Uploads/avatar/14.jpg
INFO: [ app_init ] --START--
INFO: Run Behavior\BuildLiteBehavior [ RunTime:0.000053s ]
INFO: [ app_init ] --END-- [ RunTime:0.000857s ]
ERR: 无法加载模块:Uploads

[ 2017-08-02T23:54:39+08:00 ] 127.0.0.1 /Uploads/avatar/8.jpg
INFO: [ app_init ] --START--
INFO: Run Behavior\BuildLiteBehavior [ RunTime:0.000033s ]
INFO: [ app_init ] --END-- [ RunTime:0.000984s ]
ERR: 无法加载模块:Uploads

[ 2017-08-02T23:54:39+08:00 ] 127.0.0.1 /Uploads/avatar/10.jpg
INFO: [ app_init ] --START--
INFO: Run Behavior\BuildLiteBehavior [ RunTime:0.000047s ]
INFO: [ app_init ] --END-- [ RunTime:0.000693s ]
ERR: 无法加载模块:Uploads

[ 2017-08-02T23:54:41+08:00 ] 127.0.0.1 /Uploads/avatar/15.jpg
INFO: [ app_init ] --START--
INFO: Run Behavior\BuildLiteBehavior [ RunTime:0.000009s ]
INFO: [ app_init ] --END-- [ RunTime:0.000346s ]
ERR: 无法加载模块:Uploads

[ 2017-08-02T23:54:41+08:00 ] 127.0.0.1 /Uploads/avatar/11.jpg
INFO: [ app_init ] --START--
INFO: Run Behavior\BuildLiteBehavior [ RunTime:0.000016s ]
INFO: [ app_init ] --END-- [ RunTime:0.000473s ]
ERR: 无法加载模块:Uploads

[ 2017-08-02T23:54:41+08:00 ] 127.0.0.1 /Uploads/avatar/13.jpg
INFO: [ app_init ] --START--
INFO: Run Behavior\BuildLiteBehavior [ RunTime:0.000162s ]
INFO: [ app_init ] --END-- [ RunTime:0.001539s ]
ERR: 无法加载模块:Uploads

[ 2017-08-02T23:54:41+08:00 ] 127.0.0.1 /Uploads/avatar/8.jpg
INFO: [ app_init ] --START--
INFO: Run Behavior\BuildLiteBehavior [ RunTime:0.000009s ]
INFO: [ app_init ] --END-- [ RunTime:0.000327s ]
ERR: 无法加载模块:Uploads

[ 2017-08-02T23:54:41+08:00 ] 127.0.0.1 /Uploads/avatar/14.jpg
INFO: [ app_init ] --START--
INFO: Run Behavior\BuildLiteBehavior [ RunTime:0.000012s ]
INFO: [ app_init ] --END-- [ RunTime:0.000421s ]
ERR: 无法加载模块:Uploads

[ 2017-08-02T23:54:41+08:00 ] 127.0.0.1 /Uploads/avatar/10.jpg
INFO: [ app_init ] --START--
INFO: Run Behavior\BuildLiteBehavior [ RunTime:0.000018s ]
INFO: [ app_init ] --END-- [ RunTime:0.000554s ]
ERR: 无法加载模块:Uploads

[ 2017-08-02T23:54:44+08:00 ] 127.0.0.1 /Uploads/avatar/15.jpg
INFO: [ app_init ] --START--
INFO: Run Behavior\BuildLiteBehavior [ RunTime:0.000030s ]
INFO: [ app_init ] --END-- [ RunTime:0.000338s ]
ERR: 无法加载模块:Uploads

[ 2017-08-02T23:54:44+08:00 ] 127.0.0.1 /Uploads/avatar/13.jpg
INFO: [ app_init ] --START--
INFO: Run Behavior\BuildLiteBehavior [ RunTime:0.000020s ]
INFO: [ app_init ] --END-- [ RunTime:0.000496s ]
ERR: 无法加载模块:Uploads

[ 2017-08-02T23:54:44+08:00 ] 127.0.0.1 /Uploads/avatar/11.jpg
INFO: [ app_init ] --START--
INFO: Run Behavior\BuildLiteBehavior [ RunTime:0.000023s ]
INFO: [ app_init ] --END-- [ RunTime:0.001015s ]
ERR: 无法加载模块:Uploads

[ 2017-08-02T23:54:44+08:00 ] 127.0.0.1 /Uploads/avatar/10.jpg
INFO: [ app_init ] --START--
INFO: Run Behavior\BuildLiteBehavior [ RunTime:0.000031s ]
INFO: [ app_init ] --END-- [ RunTime:0.000609s ]
ERR: 无法加载模块:Uploads

[ 2017-08-02T23:54:44+08:00 ] 127.0.0.1 /Uploads/avatar/8.jpg
INFO: [ app_init ] --START--
INFO: Run Behavior\BuildLiteBehavior [ RunTime:0.000049s ]
INFO: [ app_init ] --END-- [ RunTime:0.001530s ]
ERR: 无法加载模块:Uploads

[ 2017-08-02T23:54:45+08:00 ] 127.0.0.1 /Uploads/avatar/15.jpg
INFO: [ app_init ] --START--
INFO: Run Behavior\BuildLiteBehavior [ RunTime:0.000014s ]
INFO: [ app_init ] --END-- [ RunTime:0.000426s ]
ERR: 无法加载模块:Uploads

[ 2017-08-02T23:54:45+08:00 ] 127.0.0.1 /Uploads/avatar/10.jpg
INFO: [ app_init ] --START--
INFO: Run Behavior\BuildLiteBehavior [ RunTime:0.000038s ]
INFO: [ app_init ] --END-- [ RunTime:0.001421s ]
ERR: 无法加载模块:Uploads

[ 2017-08-02T23:54:45+08:00 ] 127.0.0.1 /Uploads/avatar/9.jpg
INFO: [ app_init ] --START--
INFO: Run Behavior\BuildLiteBehavior [ RunTime:0.000023s ]
INFO: [ app_init ] --END-- [ RunTime:0.001094s ]
ERR: 无法加载模块:Uploads


[ 2017-08-02T23:54:45+08:00 ] 127.0.0.1 /Uploads/avatar/14.jpg
INFO: [ app_init ] --START--
INFO: Run Behavior\BuildLiteBehavior [ RunTime:0.000021s ]
INFO: [ app_init ] --END-- [ RunTime:0.000524s ]
ERR: 无法加载模块:Uploads

[ 2017-08-02T23:54:45+08:00 ] 127.0.0.1 /Uploads/avatar/13.jpg
INFO: [ app_init ] --START--
INFO: Run Behavior\BuildLiteBehavior [ RunTime:0.000078s ]
INFO: [ app_init ] --END-- [ RunTime:0.001527s ]
ERR: 无法加载模块:Uploads

[ 2017-08-02T23:57:35+08:00 ] 127.0.0.1 /Uploads/avatar/14.jpg
INFO: [ app_init ] --START--
INFO: Run Behavior\BuildLiteBehavior [ RunTime:0.000044s ]
INFO: [ app_init ] --END-- [ RunTime:0.001062s ]
ERR: 无法加载模块:Uploads

[ 2017-08-02T23:57:35+08:00 ] 127.0.0.1 /Uploads/avatar/12.jpg
INFO: [ app_init ] --START--
INFO: Run Behavior\BuildLiteBehavior [ RunTime:0.000014s ]
INFO: [ app_init ] --END-- [ RunTime:0.000571s ]
ERR: 无法加载模块:Uploads

[ 2017-08-02T23:57:35+08:00 ] 127.0.0.1 /Uploads/avatar/9.jpg
INFO: [ app_init ] --START--
INFO: Run Behavior\BuildLiteBehavior [ RunTime:0.000056s ]
INFO: [ app_init ] --END-- [ RunTime:0.000624s ]
ERR: 无法加载模块:Uploads

[ 2017-08-02T23:57:35+08:00 ] 127.0.0.1 /Uploads/avatar/10.jpg
INFO: [ app_init ] --START--
INFO: Run Behavior\BuildLiteBehavior [ RunTime:0.000015s ]
INFO: [ app_init ] --END-- [ RunTime:0.000542s ]
ERR: 无法加载模块:Uploads

[ 2017-08-02T23:57:35+08:00 ] 127.0.0.1 /Uploads/avatar/13.jpg
INFO: [ app_init ] --START--
INFO: Run Behavior\BuildLiteBehavior [ RunTime:0.000066s ]
INFO: [ app_init ] --END-- [ RunTime:0.001482s ]
ERR: 无法加载模块:Uploads

