[ 2017-08-08T20:16:26+08:00 ] 127.0.0.1 /Uploads/avatar/27.jpg
INFO: [ app_init ] --START--
INFO: Run Behavior\BuildLiteBehavior [ RunTime:0.000011s ]
INFO: [ app_init ] --END-- [ RunTime:0.000332s ]
ERR: 无法加载模块:Uploads

[ 2017-08-08T20:16:26+08:00 ] 127.0.0.1 /Uploads/avatar/22.jpg
INFO: [ app_init ] --START--
INFO: Run Behavior\BuildLiteBehavior [ RunTime:0.000027s ]
INFO: [ app_init ] --END-- [ RunTime:0.000927s ]
ERR: 无法加载模块:Uploads

[ 2017-08-08T20:31:52+08:00 ] 127.0.0.1 /Uploads/avatar/27.jpg
INFO: [ app_init ] --START--
INFO: Run Behavior\BuildLiteBehavior [ RunTime:0.000020s ]
INFO: [ app_init ] --END-- [ RunTime:0.000450s ]
ERR: 无法加载模块:Uploads

[ 2017-08-08T20:31:52+08:00 ] 127.0.0.1 /Uploads/avatar/22.jpg
INFO: [ app_init ] --START--
INFO: Run Behavior\BuildLiteBehavior [ RunTime:0.000013s ]
INFO: [ app_init ] --END-- [ RunTime:0.000556s ]
ERR: 无法加载模块:Uploads

[ 2017-08-08T20:31:52+08:00 ] 127.0.0.1 /Uploads/avatar/20.jpg
INFO: [ app_init ] --START--
INFO: Run Behavior\BuildLiteBehavior [ RunTime:0.000030s ]
INFO: [ app_init ] --END-- [ RunTime:0.001137s ]
ERR: 无法加载模块:Uploads

[ 2017-08-08T20:31:52+08:00 ] 127.0.0.1 /Uploads/avatar/21.jpg
INFO: [ app_init ] --START--
INFO: Run Behavior\BuildLiteBehavior [ RunTime:0.000029s ]
INFO: [ app_init ] --END-- [ RunTime:0.001237s ]
ERR: 无法加载模块:Uploads

[ 2017-08-08T20:32:59+08:00 ] 127.0.0.1 /Uploads/avatar/27.jpg
INFO: [ app_init ] --START--
INFO: Run Behavior\BuildLiteBehavior [ RunTime:0.000040s ]
INFO: [ app_init ] --END-- [ RunTime:0.000835s ]
ERR: 无法加载模块:Uploads

[ 2017-08-08T20:32:59+08:00 ] 127.0.0.1 /Uploads/avatar/22.jpg
INFO: [ app_init ] --START--
INFO: Run Behavior\BuildLiteBehavior [ RunTime:0.000012s ]
INFO: [ app_init ] --END-- [ RunTime:0.000346s ]
ERR: 无法加载模块:Uploads

[ 2017-08-08T20:32:59+08:00 ] 127.0.0.1 /Uploads/avatar/21.jpg
INFO: [ app_init ] --START--
INFO: Run Behavior\BuildLiteBehavior [ RunTime:0.000017s ]
INFO: [ app_init ] --END-- [ RunTime:0.001063s ]
ERR: 无法加载模块:Uploads

[ 2017-08-08T20:53:15+08:00 ] 127.0.0.1 /favicon.ico
INFO: [ app_init ] --START--
INFO: Run Behavior\BuildLiteBehavior [ RunTime:0.000063s ]
INFO: [ app_init ] --END-- [ RunTime:0.001059s ]
ERR: 无法加载模块:Favicon

[ 2017-08-08T20:56:01+08:00 ] 127.0.0.1 /Uploads/avatar/27.jpg
INFO: [ app_init ] --START--
INFO: Run Behavior\BuildLiteBehavior [ RunTime:0.000056s ]
INFO: [ app_init ] --END-- [ RunTime:0.000902s ]
ERR: 无法加载模块:Uploads

[ 2017-08-08T20:56:01+08:00 ] 127.0.0.1 /Uploads/avatar/22.jpg
INFO: [ app_init ] --START--
INFO: Run Behavior\BuildLiteBehavior [ RunTime:0.000020s ]
INFO: [ app_init ] --END-- [ RunTime:0.000437s ]
ERR: 无法加载模块:Uploads

[ 2017-08-08T20:56:01+08:00 ] 127.0.0.1 /Uploads/avatar/20.jpg
INFO: [ app_init ] --START--
INFO: Run Behavior\BuildLiteBehavior [ RunTime:0.000055s ]
INFO: [ app_init ] --END-- [ RunTime:0.000886s ]
ERR: 无法加载模块:Uploads

[ 2017-08-08T20:56:01+08:00 ] 127.0.0.1 /Uploads/avatar/21.jpg
INFO: [ app_init ] --START--
INFO: Run Behavior\BuildLiteBehavior [ RunTime:0.000031s ]
INFO: [ app_init ] --END-- [ RunTime:0.000753s ]
ERR: 无法加载模块:Uploads

[ 2017-08-08T20:56:44+08:00 ] 127.0.0.1 /Uploads/avatar/27.jpg
INFO: [ app_init ] --START--
INFO: Run Behavior\BuildLiteBehavior [ RunTime:0.000044s ]
INFO: [ app_init ] --END-- [ RunTime:0.001313s ]
ERR: 无法加载模块:Uploads

[ 2017-08-08T20:56:44+08:00 ] 127.0.0.1 /Uploads/avatar/21.jpg
INFO: [ app_init ] --START--
INFO: Run Behavior\BuildLiteBehavior [ RunTime:0.000023s ]
INFO: [ app_init ] --END-- [ RunTime:0.000806s ]
ERR: 无法加载模块:Uploads

[ 2017-08-08T20:56:44+08:00 ] 127.0.0.1 /Uploads/avatar/20.jpg
INFO: [ app_init ] --START--
INFO: Run Behavior\BuildLiteBehavior [ RunTime:0.000010s ]
INFO: [ app_init ] --END-- [ RunTime:0.000353s ]
ERR: 无法加载模块:Uploads

[ 2017-08-08T20:56:44+08:00 ] 127.0.0.1 /Uploads/avatar/22.jpg
INFO: [ app_init ] --START--
INFO: Run Behavior\BuildLiteBehavior [ RunTime:0.000030s ]
INFO: [ app_init ] --END-- [ RunTime:0.000401s ]
ERR: 无法加载模块:Uploads

[ 2017-08-08T20:57:15+08:00 ] 127.0.0.1 /Uploads/avatar/27.jpg
INFO: [ app_init ] --START--
INFO: Run Behavior\BuildLiteBehavior [ RunTime:0.000023s ]
INFO: [ app_init ] --END-- [ RunTime:0.001129s ]
ERR: 无法加载模块:Uploads

[ 2017-08-08T20:57:15+08:00 ] 127.0.0.1 /Uploads/avatar/22.jpg
INFO: [ app_init ] --START--
INFO: Run Behavior\BuildLiteBehavior [ RunTime:0.000373s ]
INFO: [ app_init ] --END-- [ RunTime:0.001016s ]
ERR: 无法加载模块:Uploads

[ 2017-08-08T20:57:15+08:00 ] 127.0.0.1 /Uploads/avatar/21.jpg
INFO: [ app_init ] --START--
INFO: Run Behavior\BuildLiteBehavior [ RunTime:0.000064s ]
INFO: [ app_init ] --END-- [ RunTime:0.001316s ]
ERR: 无法加载模块:Uploads

[ 2017-08-08T20:57:15+08:00 ] 127.0.0.1 /Uploads/avatar/20.jpg
INFO: [ app_init ] --START--
INFO: Run Behavior\BuildLiteBehavior [ RunTime:0.000016s ]
INFO: [ app_init ] --END-- [ RunTime:0.000678s ]
ERR: 无法加载模块:Uploads

[ 2017-08-08T20:57:23+08:00 ] 127.0.0.1 /Uploads/avatar/27.jpg
INFO: [ app_init ] --START--
INFO: Run Behavior\BuildLiteBehavior [ RunTime:0.000026s ]
INFO: [ app_init ] --END-- [ RunTime:0.000694s ]
ERR: 无法加载模块:Uploads

[ 2017-08-08T20:57:23+08:00 ] 127.0.0.1 /Uploads/avatar/21.jpg
INFO: [ app_init ] --START--
INFO: Run Behavior\BuildLiteBehavior [ RunTime:0.000027s ]
INFO: [ app_init ] --END-- [ RunTime:0.000734s ]
ERR: 无法加载模块:Uploads

[ 2017-08-08T20:57:23+08:00 ] 127.0.0.1 /Uploads/avatar/20.jpg
INFO: [ app_init ] --START--
INFO: Run Behavior\BuildLiteBehavior [ RunTime:0.000111s ]
INFO: [ app_init ] --END-- [ RunTime:0.001283s ]
ERR: 无法加载模块:Uploads

[ 2017-08-08T20:57:31+08:00 ] 127.0.0.1 /Uploads/avatar/8.jpg
INFO: [ app_init ] --START--
INFO: Run Behavior\BuildLiteBehavior [ RunTime:0.000036s ]
INFO: [ app_init ] --END-- [ RunTime:0.001284s ]
ERR: 无法加载模块:Uploads

[ 2017-08-08T20:57:34+08:00 ] 127.0.0.1 /Uploads/avatar/27.jpg
INFO: [ app_init ] --START--
INFO: Run Behavior\BuildLiteBehavior [ RunTime:0.000022s ]
INFO: [ app_init ] --END-- [ RunTime:0.001279s ]
ERR: 无法加载模块:Uploads

[ 2017-08-08T20:57:34+08:00 ] 127.0.0.1 /Uploads/avatar/21.jpg
INFO: [ app_init ] --START--
INFO: Run Behavior\BuildLiteBehavior [ RunTime:0.000027s ]
INFO: [ app_init ] --END-- [ RunTime:0.000750s ]
ERR: 无法加载模块:Uploads

[ 2017-08-08T20:57:34+08:00 ] 127.0.0.1 /Uploads/avatar/22.jpg
INFO: [ app_init ] --START--
INFO: Run Behavior\BuildLiteBehavior [ RunTime:0.000011s ]
INFO: [ app_init ] --END-- [ RunTime:0.000410s ]
ERR: 无法加载模块:Uploads

[ 2017-08-08T20:57:34+08:00 ] 127.0.0.1 /Uploads/avatar/20.jpg
INFO: [ app_init ] --START--
INFO: Run Behavior\BuildLiteBehavior [ RunTime:0.000036s ]
INFO: [ app_init ] --END-- [ RunTime:0.000750s ]
ERR: 无法加载模块:Uploads

[ 2017-08-08T21:03:32+08:00 ] 127.0.0.1 /Uploads/avatar/27.jpg
INFO: [ app_init ] --START--
INFO: Run Behavior\BuildLiteBehavior [ RunTime:0.000025s ]
INFO: [ app_init ] --END-- [ RunTime:0.000927s ]
ERR: 无法加载模块:Uploads

[ 2017-08-08T21:03:32+08:00 ] 127.0.0.1 /Uploads/avatar/20.jpg
INFO: [ app_init ] --START--
INFO: Run Behavior\BuildLiteBehavior [ RunTime:0.000018s ]
INFO: [ app_init ] --END-- [ RunTime:0.000629s ]
ERR: 无法加载模块:Uploads

[ 2017-08-08T21:03:32+08:00 ] 127.0.0.1 /Uploads/avatar/21.jpg
INFO: [ app_init ] --START--
INFO: Run Behavior\BuildLiteBehavior [ RunTime:0.000015s ]
INFO: [ app_init ] --END-- [ RunTime:0.000722s ]
ERR: 无法加载模块:Uploads

[ 2017-08-08T21:03:37+08:00 ] 127.0.0.1 /Uploads/avatar/8.jpg
INFO: [ app_init ] --START--
INFO: Run Behavior\BuildLiteBehavior [ RunTime:0.000093s ]
INFO: [ app_init ] --END-- [ RunTime:0.002459s ]
ERR: 无法加载模块:Uploads

[ 2017-08-08T21:06:16+08:00 ] 127.0.0.1 /Uploads/avatar/8.jpg
INFO: [ app_init ] --START--
INFO: Run Behavior\BuildLiteBehavior [ RunTime:0.000012s ]
INFO: [ app_init ] --END-- [ RunTime:0.000517s ]
ERR: 无法加载模块:Uploads

[ 2017-08-08T21:06:21+08:00 ] 127.0.0.1 /Uploads/avatar/27.jpg
INFO: [ app_init ] --START--
INFO: Run Behavior\BuildLiteBehavior [ RunTime:0.000010s ]
INFO: [ app_init ] --END-- [ RunTime:0.000281s ]
ERR: 无法加载模块:Uploads

[ 2017-08-08T21:06:21+08:00 ] 127.0.0.1 /Uploads/avatar/22.jpg
INFO: [ app_init ] --START--
INFO: Run Behavior\BuildLiteBehavior [ RunTime:0.000028s ]
INFO: [ app_init ] --END-- [ RunTime:0.000624s ]
ERR: 无法加载模块:Uploads

[ 2017-08-08T21:06:21+08:00 ] 127.0.0.1 /Uploads/avatar/20.jpg
INFO: [ app_init ] --START--
INFO: Run Behavior\BuildLiteBehavior [ RunTime:0.000010s ]
INFO: [ app_init ] --END-- [ RunTime:0.000398s ]
ERR: 无法加载模块:Uploads

[ 2017-08-08T21:06:21+08:00 ] 127.0.0.1 /Uploads/avatar/21.jpg
INFO: [ app_init ] --START--
INFO: Run Behavior\BuildLiteBehavior [ RunTime:0.000013s ]
INFO: [ app_init ] --END-- [ RunTime:0.000450s ]
ERR: 无法加载模块:Uploads

[ 2017-08-08T21:06:24+08:00 ] 127.0.0.1 /Uploads/avatar/8.jpg
INFO: [ app_init ] --START--
INFO: Run Behavior\BuildLiteBehavior [ RunTime:0.000011s ]
INFO: [ app_init ] --END-- [ RunTime:0.000380s ]
ERR: 无法加载模块:Uploads

[ 2017-08-08T21:07:43+08:00 ] 127.0.0.1 /Uploads/avatar/27.jpg
INFO: [ app_init ] --START--
INFO: Run Behavior\BuildLiteBehavior [ RunTime:0.000011s ]
INFO: [ app_init ] --END-- [ RunTime:0.000315s ]
ERR: 无法加载模块:Uploads

[ 2017-08-08T21:07:43+08:00 ] 127.0.0.1 /Uploads/avatar/22.jpg
INFO: [ app_init ] --START--
INFO: Run Behavior\BuildLiteBehavior [ RunTime:0.000012s ]
INFO: [ app_init ] --END-- [ RunTime:0.000309s ]
ERR: 无法加载模块:Uploads

[ 2017-08-08T21:07:43+08:00 ] 127.0.0.1 /Uploads/avatar/20.jpg
INFO: [ app_init ] --START--
INFO: Run Behavior\BuildLiteBehavior [ RunTime:0.000014s ]
INFO: [ app_init ] --END-- [ RunTime:0.000493s ]
ERR: 无法加载模块:Uploads

[ 2017-08-08T21:07:43+08:00 ] 127.0.0.1 /Uploads/avatar/21.jpg
INFO: [ app_init ] --START--
INFO: Run Behavior\BuildLiteBehavior [ RunTime:0.000009s ]
INFO: [ app_init ] --END-- [ RunTime:0.000324s ]
ERR: 无法加载模块:Uploads

[ 2017-08-08T21:07:46+08:00 ] 127.0.0.1 /Uploads/avatar/8.jpg
INFO: [ app_init ] --START--
INFO: Run Behavior\BuildLiteBehavior [ RunTime:0.000009s ]
INFO: [ app_init ] --END-- [ RunTime:0.000280s ]
ERR: 无法加载模块:Uploads

[ 2017-08-08T21:07:57+08:00 ] 127.0.0.1 /favicon.ico
INFO: [ app_init ] --START--
INFO: Run Behavior\BuildLiteBehavior [ RunTime:0.000010s ]
INFO: [ app_init ] --END-- [ RunTime:0.000352s ]
ERR: 无法加载模块:Favicon

[ 2017-08-08T21:08:43+08:00 ] 127.0.0.1 /Uploads/avatar/8.jpg
INFO: [ app_init ] --START--
INFO: Run Behavior\BuildLiteBehavior [ RunTime:0.000010s ]
INFO: [ app_init ] --END-- [ RunTime:0.000422s ]
ERR: 无法加载模块:Uploads

[ 2017-08-08T21:08:46+08:00 ] 127.0.0.1 /Uploads/avatar/27.jpg
INFO: [ app_init ] --START--
INFO: Run Behavior\BuildLiteBehavior [ RunTime:0.000013s ]
INFO: [ app_init ] --END-- [ RunTime:0.000585s ]
ERR: 无法加载模块:Uploads

[ 2017-08-08T21:08:46+08:00 ] 127.0.0.1 /Uploads/avatar/21.jpg
INFO: [ app_init ] --START--
INFO: Run Behavior\BuildLiteBehavior [ RunTime:0.000021s ]
INFO: [ app_init ] --END-- [ RunTime:0.000745s ]
ERR: 无法加载模块:Uploads

[ 2017-08-08T21:08:46+08:00 ] 127.0.0.1 /Uploads/avatar/22.jpg
INFO: [ app_init ] --START--
INFO: Run Behavior\BuildLiteBehavior [ RunTime:0.000027s ]
INFO: [ app_init ] --END-- [ RunTime:0.000988s ]
ERR: 无法加载模块:Uploads

[ 2017-08-08T21:08:46+08:00 ] 127.0.0.1 /Uploads/avatar/20.jpg
INFO: [ app_init ] --START--
INFO: Run Behavior\BuildLiteBehavior [ RunTime:0.000034s ]
INFO: [ app_init ] --END-- [ RunTime:0.000591s ]
ERR: 无法加载模块:Uploads

[ 2017-08-08T21:10:08+08:00 ] 127.0.0.1 /Uploads/avatar/27.jpg
INFO: [ app_init ] --START--
INFO: Run Behavior\BuildLiteBehavior [ RunTime:0.000009s ]
INFO: [ app_init ] --END-- [ RunTime:0.000296s ]
ERR: 无法加载模块:Uploads

[ 2017-08-08T21:10:08+08:00 ] 127.0.0.1 /Uploads/avatar/22.jpg
INFO: [ app_init ] --START--
INFO: Run Behavior\BuildLiteBehavior [ RunTime:0.000010s ]
INFO: [ app_init ] --END-- [ RunTime:0.000304s ]
ERR: 无法加载模块:Uploads

[ 2017-08-08T21:10:08+08:00 ] 127.0.0.1 /Uploads/avatar/20.jpg
INFO: [ app_init ] --START--
INFO: Run Behavior\BuildLiteBehavior [ RunTime:0.000028s ]
INFO: [ app_init ] --END-- [ RunTime:0.000762s ]
ERR: 无法加载模块:Uploads

[ 2017-08-08T21:10:08+08:00 ] 127.0.0.1 /Uploads/avatar/21.jpg
INFO: [ app_init ] --START--
INFO: Run Behavior\BuildLiteBehavior [ RunTime:0.000018s ]
INFO: [ app_init ] --END-- [ RunTime:0.000530s ]
ERR: 无法加载模块:Uploads

[ 2017-08-08T21:10:47+08:00 ] 127.0.0.1 /Uploads/avatar/27.jpg
INFO: [ app_init ] --START--
INFO: Run Behavior\BuildLiteBehavior [ RunTime:0.000024s ]
INFO: [ app_init ] --END-- [ RunTime:0.001677s ]
ERR: 无法加载模块:Uploads

[ 2017-08-08T21:10:47+08:00 ] 127.0.0.1 /Uploads/avatar/22.jpg
INFO: [ app_init ] --START--
INFO: Run Behavior\BuildLiteBehavior [ RunTime:0.000019s ]
INFO: [ app_init ] --END-- [ RunTime:0.000850s ]
ERR: 无法加载模块:Uploads

[ 2017-08-08T21:10:47+08:00 ] 127.0.0.1 /Uploads/avatar/20.jpg
INFO: [ app_init ] --START--
INFO: Run Behavior\BuildLiteBehavior [ RunTime:0.000048s ]
INFO: [ app_init ] --END-- [ RunTime:0.000844s ]
ERR: 无法加载模块:Uploads

[ 2017-08-08T21:11:34+08:00 ] 127.0.0.1 /Uploads/avatar/27.jpg
INFO: [ app_init ] --START--
INFO: Run Behavior\BuildLiteBehavior [ RunTime:0.000016s ]
INFO: [ app_init ] --END-- [ RunTime:0.000729s ]
ERR: 无法加载模块:Uploads

[ 2017-08-08T21:11:34+08:00 ] 127.0.0.1 /Uploads/avatar/22.jpg
INFO: [ app_init ] --START--
INFO: Run Behavior\BuildLiteBehavior [ RunTime:0.000010s ]
INFO: [ app_init ] --END-- [ RunTime:0.000286s ]
ERR: 无法加载模块:Uploads

[ 2017-08-08T21:11:34+08:00 ] 127.0.0.1 /Uploads/avatar/21.jpg
INFO: [ app_init ] --START--
INFO: Run Behavior\BuildLiteBehavior [ RunTime:0.000014s ]
INFO: [ app_init ] --END-- [ RunTime:0.000346s ]
ERR: 无法加载模块:Uploads

[ 2017-08-08T21:11:34+08:00 ] 127.0.0.1 /Uploads/avatar/20.jpg
INFO: [ app_init ] --START--
INFO: Run Behavior\BuildLiteBehavior [ RunTime:0.000010s ]
INFO: [ app_init ] --END-- [ RunTime:0.000287s ]
ERR: 无法加载模块:Uploads

[ 2017-08-08T21:11:41+08:00 ] 127.0.0.1 /Uploads/avatar/8.jpg
INFO: [ app_init ] --START--
INFO: Run Behavior\BuildLiteBehavior [ RunTime:0.000011s ]
INFO: [ app_init ] --END-- [ RunTime:0.000289s ]
ERR: 无法加载模块:Uploads

[ 2017-08-08T21:12:06+08:00 ] 127.0.0.1 /Uploads/avatar/8.jpg
INFO: [ app_init ] --START--
INFO: Run Behavior\BuildLiteBehavior [ RunTime:0.000019s ]
INFO: [ app_init ] --END-- [ RunTime:0.000737s ]
ERR: 无法加载模块:Uploads

[ 2017-08-08T21:12:21+08:00 ] 127.0.0.1 /Uploads/avatar/27.jpg
INFO: [ app_init ] --START--
INFO: Run Behavior\BuildLiteBehavior [ RunTime:0.000009s ]
INFO: [ app_init ] --END-- [ RunTime:0.000283s ]
ERR: 无法加载模块:Uploads

[ 2017-08-08T21:12:21+08:00 ] 127.0.0.1 /Uploads/avatar/22.jpg
INFO: [ app_init ] --START--
INFO: Run Behavior\BuildLiteBehavior [ RunTime:0.000013s ]
INFO: [ app_init ] --END-- [ RunTime:0.000384s ]
ERR: 无法加载模块:Uploads

[ 2017-08-08T21:12:21+08:00 ] 127.0.0.1 /Uploads/avatar/20.jpg
INFO: [ app_init ] --START--
INFO: Run Behavior\BuildLiteBehavior [ RunTime:0.000010s ]
INFO: [ app_init ] --END-- [ RunTime:0.000345s ]
ERR: 无法加载模块:Uploads

[ 2017-08-08T21:12:21+08:00 ] 127.0.0.1 /Uploads/avatar/21.jpg
INFO: [ app_init ] --START--
INFO: Run Behavior\BuildLiteBehavior [ RunTime:0.000016s ]
INFO: [ app_init ] --END-- [ RunTime:0.000702s ]
ERR: 无法加载模块:Uploads

[ 2017-08-08T21:12:41+08:00 ] 127.0.0.1 /Uploads/avatar/8.jpg
INFO: [ app_init ] --START--
INFO: Run Behavior\BuildLiteBehavior [ RunTime:0.000009s ]
INFO: [ app_init ] --END-- [ RunTime:0.000287s ]
ERR: 无法加载模块:Uploads

[ 2017-08-08T21:14:52+08:00 ] 127.0.0.1 /Uploads/avatar/27.jpg
INFO: [ app_init ] --START--
INFO: Run Behavior\BuildLiteBehavior [ RunTime:0.000011s ]
INFO: [ app_init ] --END-- [ RunTime:0.000502s ]
ERR: 无法加载模块:Uploads

[ 2017-08-08T21:14:52+08:00 ] 127.0.0.1 /Uploads/avatar/21.jpg
INFO: [ app_init ] --START--
INFO: Run Behavior\BuildLiteBehavior [ RunTime:0.000013s ]
INFO: [ app_init ] --END-- [ RunTime:0.000495s ]
ERR: 无法加载模块:Uploads

[ 2017-08-08T21:14:52+08:00 ] 127.0.0.1 /Uploads/avatar/22.jpg
INFO: [ app_init ] --START--
INFO: Run Behavior\BuildLiteBehavior [ RunTime:0.000059s ]
INFO: [ app_init ] --END-- [ RunTime:0.001189s ]
ERR: 无法加载模块:Uploads

[ 2017-08-08T21:16:13+08:00 ] 127.0.0.1 /Uploads/avatar/21.jpg
INFO: [ app_init ] --START--
INFO: Run Behavior\BuildLiteBehavior [ RunTime:0.000020s ]
INFO: [ app_init ] --END-- [ RunTime:0.000689s ]
ERR: 无法加载模块:Uploads

[ 2017-08-08T21:16:16+08:00 ] 127.0.0.1 /Uploads/avatar/8.jpg
INFO: [ app_init ] --START--
INFO: Run Behavior\BuildLiteBehavior [ RunTime:0.000011s ]
INFO: [ app_init ] --END-- [ RunTime:0.000450s ]
ERR: 无法加载模块:Uploads

[ 2017-08-08T21:17:32+08:00 ] 127.0.0.1 /Uploads/avatar/8.jpg
INFO: [ app_init ] --START--
INFO: Run Behavior\BuildLiteBehavior [ RunTime:0.000011s ]
INFO: [ app_init ] --END-- [ RunTime:0.000382s ]
ERR: 无法加载模块:Uploads

[ 2017-08-08T21:17:35+08:00 ] 127.0.0.1 /Uploads/avatar/27.jpg
INFO: [ app_init ] --START--
INFO: Run Behavior\BuildLiteBehavior [ RunTime:0.000023s ]
INFO: [ app_init ] --END-- [ RunTime:0.000671s ]
ERR: 无法加载模块:Uploads

[ 2017-08-08T21:17:35+08:00 ] 127.0.0.1 /Uploads/avatar/22.jpg
INFO: [ app_init ] --START--
INFO: Run Behavior\BuildLiteBehavior [ RunTime:0.000011s ]
INFO: [ app_init ] --END-- [ RunTime:0.000437s ]
ERR: 无法加载模块:Uploads

[ 2017-08-08T21:17:35+08:00 ] 127.0.0.1 /Uploads/avatar/21.jpg
INFO: [ app_init ] --START--
INFO: Run Behavior\BuildLiteBehavior [ RunTime:0.000010s ]
INFO: [ app_init ] --END-- [ RunTime:0.000409s ]
ERR: 无法加载模块:Uploads

[ 2017-08-08T21:17:35+08:00 ] 127.0.0.1 /Uploads/avatar/20.jpg
INFO: [ app_init ] --START--
INFO: Run Behavior\BuildLiteBehavior [ RunTime:0.000015s ]
INFO: [ app_init ] --END-- [ RunTime:0.000645s ]
ERR: 无法加载模块:Uploads

[ 2017-08-08T21:17:42+08:00 ] 127.0.0.1 /Uploads/avatar/27.jpg
INFO: [ app_init ] --START--
INFO: Run Behavior\BuildLiteBehavior [ RunTime:0.000031s ]
INFO: [ app_init ] --END-- [ RunTime:0.000510s ]
ERR: 无法加载模块:Uploads

[ 2017-08-08T21:17:42+08:00 ] 127.0.0.1 /Uploads/avatar/22.jpg
INFO: [ app_init ] --START--
INFO: Run Behavior\BuildLiteBehavior [ RunTime:0.000014s ]
INFO: [ app_init ] --END-- [ RunTime:0.000532s ]
ERR: 无法加载模块:Uploads

[ 2017-08-08T21:17:42+08:00 ] 127.0.0.1 /Uploads/avatar/20.jpg
INFO: [ app_init ] --START--
INFO: Run Behavior\BuildLiteBehavior [ RunTime:0.000010s ]
INFO: [ app_init ] --END-- [ RunTime:0.000339s ]
ERR: 无法加载模块:Uploads

[ 2017-08-08T21:19:30+08:00 ] 127.0.0.1 /Uploads/avatar/27.jpg
INFO: [ app_init ] --START--
INFO: Run Behavior\BuildLiteBehavior [ RunTime:0.000013s ]
INFO: [ app_init ] --END-- [ RunTime:0.000408s ]
ERR: 无法加载模块:Uploads

[ 2017-08-08T21:19:30+08:00 ] 127.0.0.1 /Uploads/avatar/21.jpg
INFO: [ app_init ] --START--
INFO: Run Behavior\BuildLiteBehavior [ RunTime:0.000019s ]
INFO: [ app_init ] --END-- [ RunTime:0.000717s ]
ERR: 无法加载模块:Uploads

[ 2017-08-08T21:19:30+08:00 ] 127.0.0.1 /Uploads/avatar/20.jpg
INFO: [ app_init ] --START--
INFO: Run Behavior\BuildLiteBehavior [ RunTime:0.000020s ]
INFO: [ app_init ] --END-- [ RunTime:0.000616s ]
ERR: 无法加载模块:Uploads

[ 2017-08-08T21:19:40+08:00 ] 127.0.0.1 /Uploads/avatar/27.jpg
INFO: [ app_init ] --START--
INFO: Run Behavior\BuildLiteBehavior [ RunTime:0.000009s ]
INFO: [ app_init ] --END-- [ RunTime:0.000292s ]
ERR: 无法加载模块:Uploads

[ 2017-08-08T21:19:40+08:00 ] 127.0.0.1 /Uploads/avatar/22.jpg
INFO: [ app_init ] --START--
INFO: Run Behavior\BuildLiteBehavior [ RunTime:0.000010s ]
INFO: [ app_init ] --END-- [ RunTime:0.000357s ]
ERR: 无法加载模块:Uploads

[ 2017-08-08T21:19:40+08:00 ] 127.0.0.1 /Uploads/avatar/20.jpg
INFO: [ app_init ] --START--
INFO: Run Behavior\BuildLiteBehavior [ RunTime:0.000010s ]
INFO: [ app_init ] --END-- [ RunTime:0.000432s ]
ERR: 无法加载模块:Uploads

[ 2017-08-08T21:23:04+08:00 ] 127.0.0.1 /Uploads/avatar/27.jpg
INFO: [ app_init ] --START--
INFO: Run Behavior\BuildLiteBehavior [ RunTime:0.000010s ]
INFO: [ app_init ] --END-- [ RunTime:0.000335s ]
ERR: 无法加载模块:Uploads

[ 2017-08-08T21:23:04+08:00 ] 127.0.0.1 /Uploads/avatar/21.jpg
INFO: [ app_init ] --START--
INFO: Run Behavior\BuildLiteBehavior [ RunTime:0.000011s ]
INFO: [ app_init ] --END-- [ RunTime:0.000340s ]
ERR: 无法加载模块:Uploads

[ 2017-08-08T21:23:04+08:00 ] 127.0.0.1 /Uploads/avatar/22.jpg
INFO: [ app_init ] --START--
INFO: Run Behavior\BuildLiteBehavior [ RunTime:0.000032s ]
INFO: [ app_init ] --END-- [ RunTime:0.000565s ]
ERR: 无法加载模块:Uploads

[ 2017-08-08T21:23:04+08:00 ] 127.0.0.1 /Uploads/avatar/20.jpg
INFO: [ app_init ] --START--
INFO: Run Behavior\BuildLiteBehavior [ RunTime:0.000014s ]
INFO: [ app_init ] --END-- [ RunTime:0.000451s ]
ERR: 无法加载模块:Uploads

[ 2017-08-08T21:23:17+08:00 ] 127.0.0.1 /Uploads/avatar/27.jpg
INFO: [ app_init ] --START--
INFO: Run Behavior\BuildLiteBehavior [ RunTime:0.000010s ]
INFO: [ app_init ] --END-- [ RunTime:0.000298s ]
ERR: 无法加载模块:Uploads

[ 2017-08-08T21:23:17+08:00 ] 127.0.0.1 /Uploads/avatar/21.jpg
INFO: [ app_init ] --START--
INFO: Run Behavior\BuildLiteBehavior [ RunTime:0.000029s ]
INFO: [ app_init ] --END-- [ RunTime:0.000702s ]
ERR: 无法加载模块:Uploads

[ 2017-08-08T21:23:17+08:00 ] 127.0.0.1 /Uploads/avatar/22.jpg
INFO: [ app_init ] --START--
INFO: Run Behavior\BuildLiteBehavior [ RunTime:0.000056s ]
INFO: [ app_init ] --END-- [ RunTime:0.000672s ]
ERR: 无法加载模块:Uploads

[ 2017-08-08T21:23:17+08:00 ] 127.0.0.1 /Uploads/avatar/20.jpg
INFO: [ app_init ] --START--
INFO: Run Behavior\BuildLiteBehavior [ RunTime:0.000013s ]
INFO: [ app_init ] --END-- [ RunTime:0.000825s ]
ERR: 无法加载模块:Uploads

[ 2017-08-08T21:23:36+08:00 ] 127.0.0.1 /Uploads/avatar/27.jpg
INFO: [ app_init ] --START--
INFO: Run Behavior\BuildLiteBehavior [ RunTime:0.000011s ]
INFO: [ app_init ] --END-- [ RunTime:0.000395s ]
ERR: 无法加载模块:Uploads

[ 2017-08-08T21:23:36+08:00 ] 127.0.0.1 /Uploads/avatar/20.jpg
INFO: [ app_init ] --START--
INFO: Run Behavior\BuildLiteBehavior [ RunTime:0.000010s ]
INFO: [ app_init ] --END-- [ RunTime:0.000332s ]
ERR: 无法加载模块:Uploads

[ 2017-08-08T21:23:36+08:00 ] 127.0.0.1 /Uploads/avatar/21.jpg
INFO: [ app_init ] --START--
INFO: Run Behavior\BuildLiteBehavior [ RunTime:0.000013s ]
INFO: [ app_init ] --END-- [ RunTime:0.000398s ]
ERR: 无法加载模块:Uploads

[ 2017-08-08T21:23:36+08:00 ] 127.0.0.1 /Uploads/avatar/22.jpg
INFO: [ app_init ] --START--
INFO: Run Behavior\BuildLiteBehavior [ RunTime:0.000013s ]
INFO: [ app_init ] --END-- [ RunTime:0.000404s ]
ERR: 无法加载模块:Uploads

[ 2017-08-08T21:23:52+08:00 ] 127.0.0.1 /Uploads/avatar/27.jpg
INFO: [ app_init ] --START--
INFO: Run Behavior\BuildLiteBehavior [ RunTime:0.000010s ]
INFO: [ app_init ] --END-- [ RunTime:0.000299s ]
ERR: 无法加载模块:Uploads

[ 2017-08-08T21:23:52+08:00 ] 127.0.0.1 /Uploads/avatar/21.jpg
INFO: [ app_init ] --START--
INFO: Run Behavior\BuildLiteBehavior [ RunTime:0.000019s ]
INFO: [ app_init ] --END-- [ RunTime:0.000728s ]
ERR: 无法加载模块:Uploads

[ 2017-08-08T21:23:52+08:00 ] 127.0.0.1 /Uploads/avatar/22.jpg
INFO: [ app_init ] --START--
INFO: Run Behavior\BuildLiteBehavior [ RunTime:0.000018s ]
INFO: [ app_init ] --END-- [ RunTime:0.000548s ]
ERR: 无法加载模块:Uploads

[ 2017-08-08T21:23:56+08:00 ] 127.0.0.1 /Uploads/avatar/8.jpg
INFO: [ app_init ] --START--
INFO: Run Behavior\BuildLiteBehavior [ RunTime:0.000013s ]
INFO: [ app_init ] --END-- [ RunTime:0.000504s ]
ERR: 无法加载模块:Uploads

[ 2017-08-08T21:23:59+08:00 ] 127.0.0.1 /Uploads/avatar/27.jpg
INFO: [ app_init ] --START--
INFO: Run Behavior\BuildLiteBehavior [ RunTime:0.000011s ]
INFO: [ app_init ] --END-- [ RunTime:0.000303s ]
ERR: 无法加载模块:Uploads

[ 2017-08-08T21:23:59+08:00 ] 127.0.0.1 /Uploads/avatar/21.jpg
INFO: [ app_init ] --START--
INFO: Run Behavior\BuildLiteBehavior [ RunTime:0.000013s ]
INFO: [ app_init ] --END-- [ RunTime:0.000370s ]
ERR: 无法加载模块:Uploads

[ 2017-08-08T21:23:59+08:00 ] 127.0.0.1 /Uploads/avatar/22.jpg
INFO: [ app_init ] --START--
INFO: Run Behavior\BuildLiteBehavior [ RunTime:0.000013s ]
INFO: [ app_init ] --END-- [ RunTime:0.000443s ]
ERR: 无法加载模块:Uploads

[ 2017-08-08T21:23:59+08:00 ] 127.0.0.1 /Uploads/avatar/20.jpg
INFO: [ app_init ] --START--
INFO: Run Behavior\BuildLiteBehavior [ RunTime:0.000011s ]
INFO: [ app_init ] --END-- [ RunTime:0.000385s ]
ERR: 无法加载模块:Uploads

[ 2017-08-08T21:24:23+08:00 ] 127.0.0.1 /Uploads/avatar/27.jpg
INFO: [ app_init ] --START--
INFO: Run Behavior\BuildLiteBehavior [ RunTime:0.000015s ]
INFO: [ app_init ] --END-- [ RunTime:0.000723s ]
ERR: 无法加载模块:Uploads

[ 2017-08-08T21:24:23+08:00 ] 127.0.0.1 /Uploads/avatar/20.jpg
INFO: [ app_init ] --START--
INFO: Run Behavior\BuildLiteBehavior [ RunTime:0.000011s ]
INFO: [ app_init ] --END-- [ RunTime:0.000305s ]
ERR: 无法加载模块:Uploads

[ 2017-08-08T21:24:23+08:00 ] 127.0.0.1 /Uploads/avatar/22.jpg
INFO: [ app_init ] --START--
INFO: Run Behavior\BuildLiteBehavior [ RunTime:0.000012s ]
INFO: [ app_init ] --END-- [ RunTime:0.000390s ]
ERR: 无法加载模块:Uploads

[ 2017-08-08T21:24:28+08:00 ] 127.0.0.1 /Uploads/avatar/27.jpg
INFO: [ app_init ] --START--
INFO: Run Behavior\BuildLiteBehavior [ RunTime:0.000023s ]
INFO: [ app_init ] --END-- [ RunTime:0.000588s ]
ERR: 无法加载模块:Uploads

[ 2017-08-08T21:24:28+08:00 ] 127.0.0.1 /Uploads/avatar/21.jpg
INFO: [ app_init ] --START--
INFO: Run Behavior\BuildLiteBehavior [ RunTime:0.000010s ]
INFO: [ app_init ] --END-- [ RunTime:0.000307s ]
ERR: 无法加载模块:Uploads

[ 2017-08-08T21:24:28+08:00 ] 127.0.0.1 /Uploads/avatar/20.jpg
INFO: [ app_init ] --START--
INFO: Run Behavior\BuildLiteBehavior [ RunTime:0.000009s ]
INFO: [ app_init ] --END-- [ RunTime:0.000286s ]
ERR: 无法加载模块:Uploads

[ 2017-08-08T21:24:29+08:00 ] 127.0.0.1 /Uploads/avatar/27.jpg
INFO: [ app_init ] --START--
INFO: Run Behavior\BuildLiteBehavior [ RunTime:0.000010s ]
INFO: [ app_init ] --END-- [ RunTime:0.000476s ]
ERR: 无法加载模块:Uploads

[ 2017-08-08T21:24:29+08:00 ] 127.0.0.1 /Uploads/avatar/20.jpg
INFO: [ app_init ] --START--
INFO: Run Behavior\BuildLiteBehavior [ RunTime:0.000017s ]
INFO: [ app_init ] --END-- [ RunTime:0.000425s ]
ERR: 无法加载模块:Uploads

[ 2017-08-08T21:24:29+08:00 ] 127.0.0.1 /Uploads/avatar/22.jpg
INFO: [ app_init ] --START--
INFO: Run Behavior\BuildLiteBehavior [ RunTime:0.000017s ]
INFO: [ app_init ] --END-- [ RunTime:0.000598s ]
ERR: 无法加载模块:Uploads

[ 2017-08-08T21:24:40+08:00 ] 127.0.0.1 /Uploads/avatar/27.jpg
INFO: [ app_init ] --START--
INFO: Run Behavior\BuildLiteBehavior [ RunTime:0.000047s ]
INFO: [ app_init ] --END-- [ RunTime:0.000673s ]
ERR: 无法加载模块:Uploads

[ 2017-08-08T21:24:40+08:00 ] 127.0.0.1 /Uploads/avatar/20.jpg
INFO: [ app_init ] --START--
INFO: Run Behavior\BuildLiteBehavior [ RunTime:0.000043s ]
INFO: [ app_init ] --END-- [ RunTime:0.000775s ]
ERR: 无法加载模块:Uploads

[ 2017-08-08T21:24:40+08:00 ] 127.0.0.1 /Uploads/avatar/21.jpg
INFO: [ app_init ] --START--
INFO: Run Behavior\BuildLiteBehavior [ RunTime:0.000014s ]
INFO: [ app_init ] --END-- [ RunTime:0.000516s ]
ERR: 无法加载模块:Uploads

[ 2017-08-08T21:24:40+08:00 ] 127.0.0.1 /Uploads/avatar/27.jpg
INFO: [ app_init ] --START--
INFO: Run Behavior\BuildLiteBehavior [ RunTime:0.000011s ]
INFO: [ app_init ] --END-- [ RunTime:0.000466s ]
ERR: 无法加载模块:Uploads

[ 2017-08-08T21:24:40+08:00 ] 127.0.0.1 /Uploads/avatar/22.jpg
INFO: [ app_init ] --START--
INFO: Run Behavior\BuildLiteBehavior [ RunTime:0.000021s ]
INFO: [ app_init ] --END-- [ RunTime:0.000508s ]
ERR: 无法加载模块:Uploads

[ 2017-08-08T21:24:40+08:00 ] 127.0.0.1 /Uploads/avatar/21.jpg
INFO: [ app_init ] --START--
INFO: Run Behavior\BuildLiteBehavior [ RunTime:0.000021s ]
INFO: [ app_init ] --END-- [ RunTime:0.000646s ]
ERR: 无法加载模块:Uploads

[ 2017-08-08T21:24:45+08:00 ] 127.0.0.1 /Uploads/avatar/8.jpg
INFO: [ app_init ] --START--
INFO: Run Behavior\BuildLiteBehavior [ RunTime:0.000027s ]
INFO: [ app_init ] --END-- [ RunTime:0.000713s ]
ERR: 无法加载模块:Uploads

[ 2017-08-08T21:24:46+08:00 ] 127.0.0.1 /Uploads/avatar/27.jpg
INFO: [ app_init ] --START--
INFO: Run Behavior\BuildLiteBehavior [ RunTime:0.000012s ]
INFO: [ app_init ] --END-- [ RunTime:0.000454s ]
ERR: 无法加载模块:Uploads

[ 2017-08-08T21:24:46+08:00 ] 127.0.0.1 /Uploads/avatar/21.jpg
INFO: [ app_init ] --START--
INFO: Run Behavior\BuildLiteBehavior [ RunTime:0.000009s ]
INFO: [ app_init ] --END-- [ RunTime:0.000335s ]
ERR: 无法加载模块:Uploads

[ 2017-08-08T21:24:46+08:00 ] 127.0.0.1 /Uploads/avatar/22.jpg
INFO: [ app_init ] --START--
INFO: Run Behavior\BuildLiteBehavior [ RunTime:0.000017s ]
INFO: [ app_init ] --END-- [ RunTime:0.000505s ]
ERR: 无法加载模块:Uploads

[ 2017-08-08T21:24:46+08:00 ] 127.0.0.1 /Uploads/avatar/20.jpg
INFO: [ app_init ] --START--
INFO: Run Behavior\BuildLiteBehavior [ RunTime:0.000016s ]
INFO: [ app_init ] --END-- [ RunTime:0.000411s ]
ERR: 无法加载模块:Uploads

[ 2017-08-08T21:32:19+08:00 ] 127.0.0.1 /Uploads/avatar/27.jpg
INFO: [ app_init ] --START--
INFO: Run Behavior\BuildLiteBehavior [ RunTime:0.000030s ]
INFO: [ app_init ] --END-- [ RunTime:0.001000s ]
ERR: 无法加载模块:Uploads

[ 2017-08-08T21:32:20+08:00 ] 127.0.0.1 /Uploads/avatar/22.jpg
INFO: [ app_init ] --START--
INFO: Run Behavior\BuildLiteBehavior [ RunTime:0.000014s ]
INFO: [ app_init ] --END-- [ RunTime:0.000470s ]
ERR: 无法加载模块:Uploads

[ 2017-08-08T21:32:20+08:00 ] 127.0.0.1 /Uploads/avatar/21.jpg
INFO: [ app_init ] --START--
INFO: Run Behavior\BuildLiteBehavior [ RunTime:0.000066s ]
INFO: [ app_init ] --END-- [ RunTime:0.001972s ]
ERR: 无法加载模块:Uploads

[ 2017-08-08T21:32:20+08:00 ] 127.0.0.1 /Uploads/avatar/20.jpg
INFO: [ app_init ] --START--
INFO: Run Behavior\BuildLiteBehavior [ RunTime:0.000038s ]
INFO: [ app_init ] --END-- [ RunTime:0.001247s ]
ERR: 无法加载模块:Uploads

[ 2017-08-08T21:33:07+08:00 ] 127.0.0.1 /Uploads/avatar/27.jpg
INFO: [ app_init ] --START--
INFO: Run Behavior\BuildLiteBehavior [ RunTime:0.000064s ]
INFO: [ app_init ] --END-- [ RunTime:0.002029s ]
ERR: 无法加载模块:Uploads

[ 2017-08-08T21:33:07+08:00 ] 127.0.0.1 /Uploads/avatar/21.jpg
INFO: [ app_init ] --START--
INFO: Run Behavior\BuildLiteBehavior [ RunTime:0.000027s ]
INFO: [ app_init ] --END-- [ RunTime:0.000544s ]
ERR: 无法加载模块:Uploads

[ 2017-08-08T21:33:07+08:00 ] 127.0.0.1 /Uploads/avatar/20.jpg
INFO: [ app_init ] --START--
INFO: Run Behavior\BuildLiteBehavior [ RunTime:0.000014s ]
INFO: [ app_init ] --END-- [ RunTime:0.000415s ]
ERR: 无法加载模块:Uploads

[ 2017-08-08T21:33:08+08:00 ] 127.0.0.1 /Uploads/avatar/8.jpg
INFO: [ app_init ] --START--
INFO: Run Behavior\BuildLiteBehavior [ RunTime:0.000025s ]
INFO: [ app_init ] --END-- [ RunTime:0.000760s ]
ERR: 无法加载模块:Uploads

[ 2017-08-08T21:33:10+08:00 ] 127.0.0.1 /Uploads/avatar/27.jpg
INFO: [ app_init ] --START--
INFO: Run Behavior\BuildLiteBehavior [ RunTime:0.000032s ]
INFO: [ app_init ] --END-- [ RunTime:0.000678s ]
ERR: 无法加载模块:Uploads

[ 2017-08-08T21:33:10+08:00 ] 127.0.0.1 /Uploads/avatar/21.jpg
INFO: [ app_init ] --START--
INFO: Run Behavior\BuildLiteBehavior [ RunTime:0.000059s ]
INFO: [ app_init ] --END-- [ RunTime:0.001072s ]
ERR: 无法加载模块:Uploads

[ 2017-08-08T21:33:10+08:00 ] 127.0.0.1 /Uploads/avatar/20.jpg
INFO: [ app_init ] --START--
INFO: Run Behavior\BuildLiteBehavior [ RunTime:0.000017s ]
INFO: [ app_init ] --END-- [ RunTime:0.000691s ]
ERR: 无法加载模块:Uploads

[ 2017-08-08T21:33:13+08:00 ] 127.0.0.1 /Uploads/avatar/8.jpg
INFO: [ app_init ] --START--
INFO: Run Behavior\BuildLiteBehavior [ RunTime:0.000009s ]
INFO: [ app_init ] --END-- [ RunTime:0.000297s ]
ERR: 无法加载模块:Uploads

[ 2017-08-08T21:33:15+08:00 ] 127.0.0.1 /Uploads/avatar/27.jpg
INFO: [ app_init ] --START--
INFO: Run Behavior\BuildLiteBehavior [ RunTime:0.000010s ]
INFO: [ app_init ] --END-- [ RunTime:0.000330s ]
ERR: 无法加载模块:Uploads

[ 2017-08-08T21:33:15+08:00 ] 127.0.0.1 /Uploads/avatar/22.jpg
INFO: [ app_init ] --START--
INFO: Run Behavior\BuildLiteBehavior [ RunTime:0.000018s ]
INFO: [ app_init ] --END-- [ RunTime:0.000697s ]
ERR: 无法加载模块:Uploads

[ 2017-08-08T21:33:15+08:00 ] 127.0.0.1 /Uploads/avatar/20.jpg
INFO: [ app_init ] --START--
INFO: Run Behavior\BuildLiteBehavior [ RunTime:0.000017s ]
INFO: [ app_init ] --END-- [ RunTime:0.001327s ]
ERR: 无法加载模块:Uploads

[ 2017-08-08T21:33:54+08:00 ] 127.0.0.1 /favicon.ico
INFO: [ app_init ] --START--
INFO: Run Behavior\BuildLiteBehavior [ RunTime:0.000042s ]
INFO: [ app_init ] --END-- [ RunTime:0.001419s ]
ERR: 无法加载模块:Favicon

[ 2017-08-08T21:34:36+08:00 ] 127.0.0.1 /Uploads/avatar/27.jpg
INFO: [ app_init ] --START--
INFO: Run Behavior\BuildLiteBehavior [ RunTime:0.000028s ]
INFO: [ app_init ] --END-- [ RunTime:0.000473s ]
ERR: 无法加载模块:Uploads

[ 2017-08-08T21:34:36+08:00 ] 127.0.0.1 /Uploads/avatar/20.jpg
INFO: [ app_init ] --START--
INFO: Run Behavior\BuildLiteBehavior [ RunTime:0.000011s ]
INFO: [ app_init ] --END-- [ RunTime:0.000309s ]
ERR: 无法加载模块:Uploads

[ 2017-08-08T21:34:36+08:00 ] 127.0.0.1 /Uploads/avatar/22.jpg
INFO: [ app_init ] --START--
INFO: Run Behavior\BuildLiteBehavior [ RunTime:0.000015s ]
INFO: [ app_init ] --END-- [ RunTime:0.000509s ]
ERR: 无法加载模块:Uploads

[ 2017-08-08T21:34:36+08:00 ] 127.0.0.1 /Uploads/avatar/21.jpg
INFO: [ app_init ] --START--
INFO: Run Behavior\BuildLiteBehavior [ RunTime:0.000013s ]
INFO: [ app_init ] --END-- [ RunTime:0.000506s ]
ERR: 无法加载模块:Uploads

[ 2017-08-08T21:34:52+08:00 ] 127.0.0.1 /Uploads/avatar/27.jpg
INFO: [ app_init ] --START--
INFO: Run Behavior\BuildLiteBehavior [ RunTime:0.000015s ]
INFO: [ app_init ] --END-- [ RunTime:0.001127s ]
ERR: 无法加载模块:Uploads

[ 2017-08-08T21:34:52+08:00 ] 127.0.0.1 /Uploads/avatar/22.jpg
INFO: [ app_init ] --START--
INFO: Run Behavior\BuildLiteBehavior [ RunTime:0.000011s ]
INFO: [ app_init ] --END-- [ RunTime:0.000385s ]
ERR: 无法加载模块:Uploads

[ 2017-08-08T21:34:52+08:00 ] 127.0.0.1 /Uploads/avatar/21.jpg
INFO: [ app_init ] --START--
INFO: Run Behavior\BuildLiteBehavior [ RunTime:0.000048s ]
INFO: [ app_init ] --END-- [ RunTime:0.001289s ]
ERR: 无法加载模块:Uploads

[ 2017-08-08T21:36:01+08:00 ] 127.0.0.1 /Uploads/avatar/27.jpg
INFO: [ app_init ] --START--
INFO: Run Behavior\BuildLiteBehavior [ RunTime:0.000045s ]
INFO: [ app_init ] --END-- [ RunTime:0.000783s ]
ERR: 无法加载模块:Uploads

[ 2017-08-08T21:36:01+08:00 ] 127.0.0.1 /Uploads/avatar/22.jpg
INFO: [ app_init ] --START--
INFO: Run Behavior\BuildLiteBehavior [ RunTime:0.000017s ]
INFO: [ app_init ] --END-- [ RunTime:0.000440s ]
ERR: 无法加载模块:Uploads

[ 2017-08-08T21:37:06+08:00 ] 127.0.0.1 /Uploads/avatar/27.jpg
INFO: [ app_init ] --START--
INFO: Run Behavior\BuildLiteBehavior [ RunTime:0.000009s ]
INFO: [ app_init ] --END-- [ RunTime:0.000284s ]
ERR: 无法加载模块:Uploads

[ 2017-08-08T21:37:06+08:00 ] 127.0.0.1 /Uploads/avatar/22.jpg
INFO: [ app_init ] --START--
INFO: Run Behavior\BuildLiteBehavior [ RunTime:0.000008s ]
INFO: [ app_init ] --END-- [ RunTime:0.000285s ]
ERR: 无法加载模块:Uploads

[ 2017-08-08T21:37:06+08:00 ] 127.0.0.1 /Uploads/avatar/21.jpg
INFO: [ app_init ] --START--
INFO: Run Behavior\BuildLiteBehavior [ RunTime:0.000010s ]
INFO: [ app_init ] --END-- [ RunTime:0.000331s ]
ERR: 无法加载模块:Uploads

[ 2017-08-08T21:38:04+08:00 ] 127.0.0.1 /Uploads/avatar/27.jpg
INFO: [ app_init ] --START--
INFO: Run Behavior\BuildLiteBehavior [ RunTime:0.000011s ]
INFO: [ app_init ] --END-- [ RunTime:0.000580s ]
ERR: 无法加载模块:Uploads

[ 2017-08-08T21:38:04+08:00 ] 127.0.0.1 /Uploads/avatar/21.jpg
INFO: [ app_init ] --START--
INFO: Run Behavior\BuildLiteBehavior [ RunTime:0.000012s ]
INFO: [ app_init ] --END-- [ RunTime:0.000963s ]
ERR: 无法加载模块:Uploads

[ 2017-08-08T21:39:12+08:00 ] 127.0.0.1 /Uploads/avatar/27.jpg
INFO: [ app_init ] --START--
INFO: Run Behavior\BuildLiteBehavior [ RunTime:0.000012s ]
INFO: [ app_init ] --END-- [ RunTime:0.000427s ]
ERR: 无法加载模块:Uploads

[ 2017-08-08T21:39:12+08:00 ] 127.0.0.1 /Uploads/avatar/22.jpg
INFO: [ app_init ] --START--
INFO: Run Behavior\BuildLiteBehavior [ RunTime:0.000025s ]
INFO: [ app_init ] --END-- [ RunTime:0.000725s ]
ERR: 无法加载模块:Uploads

[ 2017-08-08T21:39:12+08:00 ] 127.0.0.1 /Uploads/avatar/21.jpg
INFO: [ app_init ] --START--
INFO: Run Behavior\BuildLiteBehavior [ RunTime:0.000060s ]
INFO: [ app_init ] --END-- [ RunTime:0.001046s ]
ERR: 无法加载模块:Uploads

[ 2017-08-08T21:40:30+08:00 ] 127.0.0.1 /Uploads/avatar/27.jpg
INFO: [ app_init ] --START--
INFO: Run Behavior\BuildLiteBehavior [ RunTime:0.000010s ]
INFO: [ app_init ] --END-- [ RunTime:0.000393s ]
ERR: 无法加载模块:Uploads

[ 2017-08-08T21:40:30+08:00 ] 127.0.0.1 /Uploads/avatar/22.jpg
INFO: [ app_init ] --START--
INFO: Run Behavior\BuildLiteBehavior [ RunTime:0.000009s ]
INFO: [ app_init ] --END-- [ RunTime:0.000350s ]
ERR: 无法加载模块:Uploads

[ 2017-08-08T21:40:30+08:00 ] 127.0.0.1 /Uploads/avatar/21.jpg
INFO: [ app_init ] --START--
INFO: Run Behavior\BuildLiteBehavior [ RunTime:0.000012s ]
INFO: [ app_init ] --END-- [ RunTime:0.000337s ]
ERR: 无法加载模块:Uploads

