[ 2017-08-04T20:49:53+08:00 ] 127.0.0.1 /Uploads/avatar/18.jpg
INFO: [ app_init ] --START--
INFO: Run Behavior\BuildLiteBehavior [ RunTime:0.000009s ]
INFO: [ app_init ] --END-- [ RunTime:0.000340s ]
ERR: 无法加载模块:Uploads

[ 2017-08-04T20:49:58+08:00 ] 127.0.0.1 /favicon.ico
INFO: [ app_init ] --START--
INFO: Run Behavior\BuildLiteBehavior [ RunTime:0.000094s ]
INFO: [ app_init ] --END-- [ RunTime:0.001314s ]
ERR: 无法加载模块:Favicon

[ 2017-08-04T20:54:53+08:00 ] 127.0.0.1 /Uploads/avatar/19.jpg
INFO: [ app_init ] --START--
INFO: Run Behavior\BuildLiteBehavior [ RunTime:0.000019s ]
INFO: [ app_init ] --END-- [ RunTime:0.000367s ]
ERR: 无法加载模块:Uploads

[ 2017-08-04T20:54:53+08:00 ] 127.0.0.1 /Uploads/avatar/18.jpg
INFO: [ app_init ] --START--
INFO: Run Behavior\BuildLiteBehavior [ RunTime:0.000013s ]
INFO: [ app_init ] --END-- [ RunTime:0.000459s ]
ERR: 无法加载模块:Uploads

[ 2017-08-04T20:56:47+08:00 ] 127.0.0.1 /Uploads/avatar/9.jpg
INFO: [ app_init ] --START--
INFO: Run Behavior\BuildLiteBehavior [ RunTime:0.000010s ]
INFO: [ app_init ] --END-- [ RunTime:0.000407s ]
ERR: 无法加载模块:Uploads

[ 2017-08-04T20:56:47+08:00 ] 127.0.0.1 /Uploads/avatar/8.jpg
INFO: [ app_init ] --START--
INFO: Run Behavior\BuildLiteBehavior [ RunTime:0.000010s ]
INFO: [ app_init ] --END-- [ RunTime:0.000368s ]
ERR: 无法加载模块:Uploads

[ 2017-08-04T21:01:37+08:00 ] 127.0.0.1 /Uploads/avatar/20.jpg
INFO: [ app_init ] --START--
INFO: Run Behavior\BuildLiteBehavior [ RunTime:0.000010s ]
INFO: [ app_init ] --END-- [ RunTime:0.000280s ]
ERR: 无法加载模块:Uploads

[ 2017-08-04T21:01:37+08:00 ] 127.0.0.1 /Uploads/avatar/9.jpg
INFO: [ app_init ] --START--
INFO: Run Behavior\BuildLiteBehavior [ RunTime:0.000009s ]
INFO: [ app_init ] --END-- [ RunTime:0.000494s ]
ERR: 无法加载模块:Uploads

[ 2017-08-04T21:04:47+08:00 ] 127.0.0.1 /Uploads/avatar/20.jpg
INFO: [ app_init ] --START--
INFO: Run Behavior\BuildLiteBehavior [ RunTime:0.000014s ]
INFO: [ app_init ] --END-- [ RunTime:0.000506s ]
ERR: 无法加载模块:Uploads

[ 2017-08-04T21:04:47+08:00 ] 127.0.0.1 /Uploads/avatar/8.jpg
INFO: [ app_init ] --START--
INFO: Run Behavior\BuildLiteBehavior [ RunTime:0.000010s ]
INFO: [ app_init ] --END-- [ RunTime:0.000331s ]
ERR: 无法加载模块:Uploads

[ 2017-08-04T21:04:47+08:00 ] 127.0.0.1 /Uploads/avatar/9.jpg
INFO: [ app_init ] --START--
INFO: Run Behavior\BuildLiteBehavior [ RunTime:0.000011s ]
INFO: [ app_init ] --END-- [ RunTime:0.000844s ]
ERR: 无法加载模块:Uploads

[ 2017-08-04T21:07:58+08:00 ] 127.0.0.1 /Uploads/avatar/21.jpg
INFO: [ app_init ] --START--
INFO: Run Behavior\BuildLiteBehavior [ RunTime:0.000012s ]
INFO: [ app_init ] --END-- [ RunTime:0.000529s ]
ERR: 无法加载模块:Uploads

[ 2017-08-04T21:07:58+08:00 ] 127.0.0.1 /Uploads/avatar/20.jpg
INFO: [ app_init ] --START--
INFO: Run Behavior\BuildLiteBehavior [ RunTime:0.000032s ]
INFO: [ app_init ] --END-- [ RunTime:0.000783s ]
ERR: 无法加载模块:Uploads

[ 2017-08-04T21:07:58+08:00 ] 127.0.0.1 /Uploads/avatar/9.jpg
INFO: [ app_init ] --START--
INFO: Run Behavior\BuildLiteBehavior [ RunTime:0.000133s ]
INFO: [ app_init ] --END-- [ RunTime:0.001768s ]
ERR: 无法加载模块:Uploads

[ 2017-08-04T21:07:58+08:00 ] 127.0.0.1 /Uploads/avatar/8.jpg
INFO: [ app_init ] --START--
INFO: Run Behavior\BuildLiteBehavior [ RunTime:0.000081s ]
INFO: [ app_init ] --END-- [ RunTime:0.002429s ]
ERR: 无法加载模块:Uploads

[ 2017-08-04T21:12:44+08:00 ] 127.0.0.1 /Uploads/avatar/21.jpg
INFO: [ app_init ] --START--
INFO: Run Behavior\BuildLiteBehavior [ RunTime:0.000033s ]
INFO: [ app_init ] --END-- [ RunTime:0.000651s ]
ERR: 无法加载模块:Uploads

[ 2017-08-04T21:12:44+08:00 ] 127.0.0.1 /Uploads/avatar/20.jpg
INFO: [ app_init ] --START--
INFO: Run Behavior\BuildLiteBehavior [ RunTime:0.000033s ]
INFO: [ app_init ] --END-- [ RunTime:0.001112s ]
ERR: 无法加载模块:Uploads

[ 2017-08-04T21:12:44+08:00 ] 127.0.0.1 /Uploads/avatar/8.jpg
INFO: [ app_init ] --START--
INFO: Run Behavior\BuildLiteBehavior [ RunTime:0.000031s ]
INFO: [ app_init ] --END-- [ RunTime:0.000816s ]
ERR: 无法加载模块:Uploads

[ 2017-08-04T21:12:44+08:00 ] 127.0.0.1 /Uploads/avatar/9.jpg
INFO: [ app_init ] --START--
INFO: Run Behavior\BuildLiteBehavior [ RunTime:0.000055s ]
INFO: [ app_init ] --END-- [ RunTime:0.000928s ]
ERR: 无法加载模块:Uploads

[ 2017-08-04T21:14:54+08:00 ] 127.0.0.1 /Uploads/avatar/21.jpg
INFO: [ app_init ] --START--
INFO: Run Behavior\BuildLiteBehavior [ RunTime:0.000009s ]
INFO: [ app_init ] --END-- [ RunTime:0.000339s ]
ERR: 无法加载模块:Uploads

[ 2017-08-04T21:14:54+08:00 ] 127.0.0.1 /Uploads/avatar/20.jpg
INFO: [ app_init ] --START--
INFO: Run Behavior\BuildLiteBehavior [ RunTime:0.000031s ]
INFO: [ app_init ] --END-- [ RunTime:0.001074s ]
ERR: 无法加载模块:Uploads

[ 2017-08-04T21:14:54+08:00 ] 127.0.0.1 /Uploads/avatar/9.jpg
INFO: [ app_init ] --START--
INFO: Run Behavior\BuildLiteBehavior [ RunTime:0.000073s ]
INFO: [ app_init ] --END-- [ RunTime:0.001716s ]
ERR: 无法加载模块:Uploads

[ 2017-08-04T21:15:06+08:00 ] 127.0.0.1 /Uploads/avatar/21.jpg
INFO: [ app_init ] --START--
INFO: Run Behavior\BuildLiteBehavior [ RunTime:0.000013s ]
INFO: [ app_init ] --END-- [ RunTime:0.000449s ]
ERR: 无法加载模块:Uploads

[ 2017-08-04T21:15:06+08:00 ] 127.0.0.1 /Uploads/avatar/20.jpg
INFO: [ app_init ] --START--
INFO: Run Behavior\BuildLiteBehavior [ RunTime:0.000016s ]
INFO: [ app_init ] --END-- [ RunTime:0.000541s ]
ERR: 无法加载模块:Uploads

[ 2017-08-04T21:15:06+08:00 ] 127.0.0.1 /Uploads/avatar/9.jpg
INFO: [ app_init ] --START--
INFO: Run Behavior\BuildLiteBehavior [ RunTime:0.000018s ]
INFO: [ app_init ] --END-- [ RunTime:0.000533s ]
ERR: 无法加载模块:Uploads

[ 2017-08-04T21:16:43+08:00 ] 127.0.0.1 /Uploads/avatar/22.jpg
INFO: [ app_init ] --START--
INFO: Run Behavior\BuildLiteBehavior [ RunTime:0.000103s ]
INFO: [ app_init ] --END-- [ RunTime:0.000760s ]
ERR: 无法加载模块:Uploads

[ 2017-08-04T21:16:44+08:00 ] 127.0.0.1 /Uploads/avatar/21.jpg
INFO: [ app_init ] --START--
INFO: Run Behavior\BuildLiteBehavior [ RunTime:0.000025s ]
INFO: [ app_init ] --END-- [ RunTime:0.000742s ]
ERR: 无法加载模块:Uploads

[ 2017-08-04T21:16:44+08:00 ] 127.0.0.1 /Uploads/avatar/8.jpg
INFO: [ app_init ] --START--
INFO: Run Behavior\BuildLiteBehavior [ RunTime:0.000017s ]
INFO: [ app_init ] --END-- [ RunTime:0.000492s ]
ERR: 无法加载模块:Uploads


[ 2017-08-04T21:16:44+08:00 ] 127.0.0.1 /Uploads/avatar/9.jpg
INFO: [ app_init ] --START--
INFO: Run Behavior\BuildLiteBehavior [ RunTime:0.000055s ]
INFO: [ app_init ] --END-- [ RunTime:0.001118s ]
ERR: 无法加载模块:Uploads

[ 2017-08-04T21:25:15+08:00 ] 127.0.0.1 /Uploads/avatar/22.jpg
INFO: [ app_init ] --START--
INFO: Run Behavior\BuildLiteBehavior [ RunTime:0.000029s ]
INFO: [ app_init ] --END-- [ RunTime:0.000485s ]
ERR: 无法加载模块:Uploads

[ 2017-08-04T21:25:15+08:00 ] 127.0.0.1 /Uploads/avatar/20.jpg
INFO: [ app_init ] --START--
INFO: Run Behavior\BuildLiteBehavior [ RunTime:0.000019s ]
INFO: [ app_init ] --END-- [ RunTime:0.000463s ]
ERR: 无法加载模块:Uploads

[ 2017-08-04T21:25:15+08:00 ] 127.0.0.1 /Uploads/avatar/21.jpg
INFO: [ app_init ] --START--
INFO: Run Behavior\BuildLiteBehavior [ RunTime:0.000015s ]
INFO: [ app_init ] --END-- [ RunTime:0.000554s ]
ERR: 无法加载模块:Uploads

[ 2017-08-04T21:25:15+08:00 ] 127.0.0.1 /Uploads/avatar/8.jpg
INFO: [ app_init ] --START--
INFO: Run Behavior\BuildLiteBehavior [ RunTime:0.000016s ]
INFO: [ app_init ] --END-- [ RunTime:0.000459s ]
ERR: 无法加载模块:Uploads

[ 2017-08-04T21:25:15+08:00 ] 127.0.0.1 /Uploads/avatar/9.jpg
INFO: [ app_init ] --START--
INFO: Run Behavior\BuildLiteBehavior [ RunTime:0.000009s ]
INFO: [ app_init ] --END-- [ RunTime:0.000358s ]
ERR: 无法加载模块:Uploads

[ 2017-08-04T21:30:22+08:00 ] 127.0.0.1 /favicon.ico
INFO: [ app_init ] --START--
INFO: Run Behavior\BuildLiteBehavior [ RunTime:0.000010s ]
INFO: [ app_init ] --END-- [ RunTime:0.000319s ]
ERR: 无法加载模块:Favicon

[ 2017-08-04T21:30:35+08:00 ] 127.0.0.1 /favicon.ico
INFO: [ app_init ] --START--
INFO: Run Behavior\BuildLiteBehavior [ RunTime:0.000028s ]
INFO: [ app_init ] --END-- [ RunTime:0.000372s ]
ERR: 无法加载模块:Favicon

[ 2017-08-04T21:31:05+08:00 ] 127.0.0.1 /favicon.ico
INFO: [ app_init ] --START--
INFO: Run Behavior\BuildLiteBehavior [ RunTime:0.000009s ]
INFO: [ app_init ] --END-- [ RunTime:0.000315s ]
ERR: 无法加载模块:Favicon

[ 2017-08-04T21:39:17+08:00 ] 127.0.0.1 /Uploads/avatar/22.jpg
INFO: [ app_init ] --START--
INFO: Run Behavior\BuildLiteBehavior [ RunTime:0.000019s ]
INFO: [ app_init ] --END-- [ RunTime:0.000576s ]
ERR: 无法加载模块:Uploads

[ 2017-08-04T21:39:17+08:00 ] 127.0.0.1 /Uploads/avatar/20.jpg
INFO: [ app_init ] --START--
INFO: Run Behavior\BuildLiteBehavior [ RunTime:0.000173s ]
INFO: [ app_init ] --END-- [ RunTime:0.001410s ]
ERR: 无法加载模块:Uploads

[ 2017-08-04T21:39:17+08:00 ] 127.0.0.1 /Uploads/avatar/21.jpg
INFO: [ app_init ] --START--
INFO: Run Behavior\BuildLiteBehavior [ RunTime:0.000015s ]
INFO: [ app_init ] --END-- [ RunTime:0.000568s ]
ERR: 无法加载模块:Uploads

[ 2017-08-04T21:39:17+08:00 ] 127.0.0.1 /Uploads/avatar/9.jpg
INFO: [ app_init ] --START--
INFO: Run Behavior\BuildLiteBehavior [ RunTime:0.000045s ]
INFO: [ app_init ] --END-- [ RunTime:0.001830s ]
ERR: 无法加载模块:Uploads

[ 2017-08-04T21:43:53+08:00 ] 127.0.0.1 /Uploads/avatar/22.jpg
INFO: [ app_init ] --START--
INFO: Run Behavior\BuildLiteBehavior [ RunTime:0.000023s ]
INFO: [ app_init ] --END-- [ RunTime:0.000763s ]
ERR: 无法加载模块:Uploads

[ 2017-08-04T21:43:53+08:00 ] 127.0.0.1 /Uploads/avatar/21.jpg
INFO: [ app_init ] --START--
INFO: Run Behavior\BuildLiteBehavior [ RunTime:0.000244s ]
INFO: [ app_init ] --END-- [ RunTime:0.001016s ]
ERR: 无法加载模块:Uploads

[ 2017-08-04T21:43:53+08:00 ] 127.0.0.1 /Uploads/avatar/20.jpg
INFO: [ app_init ] --START--
INFO: Run Behavior\BuildLiteBehavior [ RunTime:0.000055s ]
INFO: [ app_init ] --END-- [ RunTime:0.001069s ]
ERR: 无法加载模块:Uploads

[ 2017-08-04T21:43:53+08:00 ] 127.0.0.1 /Uploads/avatar/9.jpg
INFO: [ app_init ] --START--
INFO: Run Behavior\BuildLiteBehavior [ RunTime:0.000057s ]
INFO: [ app_init ] --END-- [ RunTime:0.001138s ]
ERR: 无法加载模块:Uploads

[ 2017-08-04T21:43:53+08:00 ] 127.0.0.1 /Uploads/avatar/8.jpg
INFO: [ app_init ] --START--
INFO: Run Behavior\BuildLiteBehavior [ RunTime:0.000063s ]
INFO: [ app_init ] --END-- [ RunTime:0.001387s ]
ERR: 无法加载模块:Uploads

[ 2017-08-04T21:45:23+08:00 ] 127.0.0.1 /Uploads/avatar/22.jpg
INFO: [ app_init ] --START--
INFO: Run Behavior\BuildLiteBehavior [ RunTime:0.000017s ]
INFO: [ app_init ] --END-- [ RunTime:0.000510s ]
ERR: 无法加载模块:Uploads

[ 2017-08-04T21:45:23+08:00 ] 127.0.0.1 /Uploads/avatar/21.jpg
INFO: [ app_init ] --START--
INFO: Run Behavior\BuildLiteBehavior [ RunTime:0.000087s ]
INFO: [ app_init ] --END-- [ RunTime:0.001441s ]
ERR: 无法加载模块:Uploads

[ 2017-08-04T21:45:23+08:00 ] 127.0.0.1 /Uploads/avatar/9.jpg
INFO: [ app_init ] --START--
INFO: Run Behavior\BuildLiteBehavior [ RunTime:0.000036s ]
INFO: [ app_init ] --END-- [ RunTime:0.000619s ]
ERR: 无法加载模块:Uploads


[ 2017-08-04T21:45:23+08:00 ] 127.0.0.1 /Uploads/avatar/8.jpg
INFO: [ app_init ] --START--
INFO: Run Behavior\BuildLiteBehavior [ RunTime:0.000049s ]
INFO: [ app_init ] --END-- [ RunTime:0.001659s ]
ERR: 无法加载模块:Uploads

[ 2017-08-04T21:46:04+08:00 ] 127.0.0.1 /Uploads/avatar/22.jpg
INFO: [ app_init ] --START--
INFO: Run Behavior\BuildLiteBehavior [ RunTime:0.000020s ]
INFO: [ app_init ] --END-- [ RunTime:0.000728s ]
ERR: 无法加载模块:Uploads

[ 2017-08-04T21:46:04+08:00 ] 127.0.0.1 /Uploads/avatar/20.jpg
INFO: [ app_init ] --START--
INFO: Run Behavior\BuildLiteBehavior [ RunTime:0.000021s ]
INFO: [ app_init ] --END-- [ RunTime:0.000829s ]
ERR: 无法加载模块:Uploads

[ 2017-08-04T21:46:04+08:00 ] 127.0.0.1 /Uploads/avatar/8.jpg
INFO: [ app_init ] --START--
INFO: Run Behavior\BuildLiteBehavior [ RunTime:0.000017s ]
INFO: [ app_init ] --END-- [ RunTime:0.000566s ]
ERR: 无法加载模块:Uploads

[ 2017-08-04T21:46:04+08:00 ] 127.0.0.1 /Uploads/avatar/21.jpg
INFO: [ app_init ] --START--
INFO: Run Behavior\BuildLiteBehavior [ RunTime:0.000020s ]
INFO: [ app_init ] --END-- [ RunTime:0.000631s ]
ERR: 无法加载模块:Uploads

[ 2017-08-04T21:46:22+08:00 ] 127.0.0.1 /Uploads/avatar/22.jpg
INFO: [ app_init ] --START--
INFO: Run Behavior\BuildLiteBehavior [ RunTime:0.000016s ]
INFO: [ app_init ] --END-- [ RunTime:0.000520s ]
ERR: 无法加载模块:Uploads

[ 2017-08-04T21:46:22+08:00 ] 127.0.0.1 /Uploads/avatar/8.jpg
INFO: [ app_init ] --START--
INFO: Run Behavior\BuildLiteBehavior [ RunTime:0.000010s ]
INFO: [ app_init ] --END-- [ RunTime:0.000456s ]
ERR: 无法加载模块:Uploads


[ 2017-08-04T21:46:34+08:00 ] 127.0.0.1 /Uploads/avatar/22.jpg
INFO: [ app_init ] --START--
INFO: Run Behavior\BuildLiteBehavior [ RunTime:0.000013s ]
INFO: [ app_init ] --END-- [ RunTime:0.000522s ]
ERR: 无法加载模块:Uploads

[ 2017-08-04T21:46:34+08:00 ] 127.0.0.1 /Uploads/avatar/9.jpg
INFO: [ app_init ] --START--
INFO: Run Behavior\BuildLiteBehavior [ RunTime:0.000041s ]
INFO: [ app_init ] --END-- [ RunTime:0.001066s ]
ERR: 无法加载模块:Uploads

[ 2017-08-04T21:46:34+08:00 ] 127.0.0.1 /Uploads/avatar/20.jpg
INFO: [ app_init ] --START--
INFO: Run Behavior\BuildLiteBehavior [ RunTime:0.000065s ]
INFO: [ app_init ] --END-- [ RunTime:0.001287s ]
ERR: 无法加载模块:Uploads

[ 2017-08-04T21:46:34+08:00 ] 127.0.0.1 /Uploads/avatar/21.jpg
INFO: [ app_init ] --START--
INFO: Run Behavior\BuildLiteBehavior [ RunTime:0.000027s ]
INFO: [ app_init ] --END-- [ RunTime:0.000781s ]
ERR: 无法加载模块:Uploads

[ 2017-08-04T21:46:34+08:00 ] 127.0.0.1 /Uploads/avatar/8.jpg
INFO: [ app_init ] --START--
INFO: Run Behavior\BuildLiteBehavior [ RunTime:0.000051s ]
INFO: [ app_init ] --END-- [ RunTime:0.001977s ]
ERR: 无法加载模块:Uploads

[ 2017-08-04T21:47:52+08:00 ] 127.0.0.1 /Uploads/avatar/22.jpg
INFO: [ app_init ] --START--
INFO: Run Behavior\BuildLiteBehavior [ RunTime:0.000038s ]
INFO: [ app_init ] --END-- [ RunTime:0.001543s ]
ERR: 无法加载模块:Uploads

[ 2017-08-04T21:47:52+08:00 ] 127.0.0.1 /Uploads/avatar/9.jpg
INFO: [ app_init ] --START--
INFO: Run Behavior\BuildLiteBehavior [ RunTime:0.000010s ]
INFO: [ app_init ] --END-- [ RunTime:0.000298s ]
ERR: 无法加载模块:Uploads

[ 2017-08-04T21:47:52+08:00 ] 127.0.0.1 /Uploads/avatar/8.jpg
INFO: [ app_init ] --START--
INFO: Run Behavior\BuildLiteBehavior [ RunTime:0.000072s ]
INFO: [ app_init ] --END-- [ RunTime:0.003094s ]
ERR: 无法加载模块:Uploads


[ 2017-08-04T21:48:02+08:00 ] 127.0.0.1 /Uploads/avatar/22.jpg
INFO: [ app_init ] --START--
INFO: Run Behavior\BuildLiteBehavior [ RunTime:0.000042s ]
INFO: [ app_init ] --END-- [ RunTime:0.002185s ]
ERR: 无法加载模块:Uploads

[ 2017-08-04T21:48:02+08:00 ] 127.0.0.1 /Uploads/avatar/8.jpg
INFO: [ app_init ] --START--
INFO: Run Behavior\BuildLiteBehavior [ RunTime:0.000055s ]
INFO: [ app_init ] --END-- [ RunTime:0.001368s ]
ERR: 无法加载模块:Uploads

[ 2017-08-04T21:48:02+08:00 ] 127.0.0.1 /Uploads/avatar/9.jpg
INFO: [ app_init ] --START--
INFO: Run Behavior\BuildLiteBehavior [ RunTime:0.000044s ]
INFO: [ app_init ] --END-- [ RunTime:0.000978s ]
ERR: 无法加载模块:Uploads

[ 2017-08-04T21:48:02+08:00 ] 127.0.0.1 /Uploads/avatar/20.jpg
INFO: [ app_init ] --START--
INFO: Run Behavior\BuildLiteBehavior [ RunTime:0.000018s ]
INFO: [ app_init ] --END-- [ RunTime:0.000625s ]
ERR: 无法加载模块:Uploads

[ 2017-08-04T21:48:02+08:00 ] 127.0.0.1 /Uploads/avatar/21.jpg
INFO: [ app_init ] --START--
INFO: Run Behavior\BuildLiteBehavior [ RunTime:0.000025s ]
INFO: [ app_init ] --END-- [ RunTime:0.000792s ]
ERR: 无法加载模块:Uploads

[ 2017-08-04T21:48:14+08:00 ] 127.0.0.1 /Uploads/avatar/22.jpg
INFO: [ app_init ] --START--
INFO: Run Behavior\BuildLiteBehavior [ RunTime:0.000030s ]
INFO: [ app_init ] --END-- [ RunTime:0.000492s ]
ERR: 无法加载模块:Uploads

[ 2017-08-04T21:48:14+08:00 ] 127.0.0.1 /Uploads/avatar/20.jpg
INFO: [ app_init ] --START--
INFO: Run Behavior\BuildLiteBehavior [ RunTime:0.000040s ]
INFO: [ app_init ] --END-- [ RunTime:0.000614s ]
ERR: 无法加载模块:Uploads

[ 2017-08-04T21:48:14+08:00 ] 127.0.0.1 /Uploads/avatar/8.jpg
INFO: [ app_init ] --START--
INFO: Run Behavior\BuildLiteBehavior [ RunTime:0.000108s ]
INFO: [ app_init ] --END-- [ RunTime:0.001318s ]
ERR: 无法加载模块:Uploads


[ 2017-08-04T21:49:03+08:00 ] 127.0.0.1 /Uploads/avatar/22.jpg
INFO: [ app_init ] --START--
INFO: Run Behavior\BuildLiteBehavior [ RunTime:0.000020s ]
INFO: [ app_init ] --END-- [ RunTime:0.000434s ]
ERR: 无法加载模块:Uploads

[ 2017-08-04T21:49:03+08:00 ] 127.0.0.1 /Uploads/avatar/8.jpg
INFO: [ app_init ] --START--
INFO: Run Behavior\BuildLiteBehavior [ RunTime:0.000019s ]
INFO: [ app_init ] --END-- [ RunTime:0.000500s ]
ERR: 无法加载模块:Uploads


[ 2017-08-04T21:49:03+08:00 ] 127.0.0.1 /Uploads/avatar/20.jpg
INFO: [ app_init ] --START--
INFO: Run Behavior\BuildLiteBehavior [ RunTime:0.000016s ]
INFO: [ app_init ] --END-- [ RunTime:0.000540s ]
ERR: 无法加载模块:Uploads

[ 2017-08-04T21:49:23+08:00 ] 127.0.0.1 /Uploads/avatar/22.jpg
INFO: [ app_init ] --START--
INFO: Run Behavior\BuildLiteBehavior [ RunTime:0.000013s ]
INFO: [ app_init ] --END-- [ RunTime:0.000397s ]
ERR: 无法加载模块:Uploads

[ 2017-08-04T21:49:23+08:00 ] 127.0.0.1 /Uploads/avatar/8.jpg
INFO: [ app_init ] --START--
INFO: Run Behavior\BuildLiteBehavior [ RunTime:0.000021s ]
INFO: [ app_init ] --END-- [ RunTime:0.000661s ]
ERR: 无法加载模块:Uploads

[ 2017-08-04T21:49:23+08:00 ] 127.0.0.1 /Uploads/avatar/21.jpg
INFO: [ app_init ] --START--
INFO: Run Behavior\BuildLiteBehavior [ RunTime:0.000055s ]
INFO: [ app_init ] --END-- [ RunTime:0.001573s ]
ERR: 无法加载模块:Uploads

[ 2017-08-04T21:49:55+08:00 ] 127.0.0.1 /Uploads/avatar/22.jpg
INFO: [ app_init ] --START--
INFO: Run Behavior\BuildLiteBehavior [ RunTime:0.000013s ]
INFO: [ app_init ] --END-- [ RunTime:0.000443s ]
ERR: 无法加载模块:Uploads

[ 2017-08-04T21:49:55+08:00 ] 127.0.0.1 /Uploads/avatar/21.jpg
INFO: [ app_init ] --START--
INFO: Run Behavior\BuildLiteBehavior [ RunTime:0.000079s ]
INFO: [ app_init ] --END-- [ RunTime:0.000943s ]
ERR: 无法加载模块:Uploads

[ 2017-08-04T21:49:55+08:00 ] 127.0.0.1 /Uploads/avatar/20.jpg
INFO: [ app_init ] --START--
INFO: Run Behavior\BuildLiteBehavior [ RunTime:0.000070s ]
INFO: [ app_init ] --END-- [ RunTime:0.001534s ]
ERR: 无法加载模块:Uploads

[ 2017-08-04T21:49:55+08:00 ] 127.0.0.1 /Uploads/avatar/8.jpg
INFO: [ app_init ] --START--
INFO: Run Behavior\BuildLiteBehavior [ RunTime:0.000072s ]
INFO: [ app_init ] --END-- [ RunTime:0.001541s ]
ERR: 无法加载模块:Uploads

[ 2017-08-04T21:50:15+08:00 ] 127.0.0.1 /Uploads/avatar/22.jpg
INFO: [ app_init ] --START--
INFO: Run Behavior\BuildLiteBehavior [ RunTime:0.000023s ]
INFO: [ app_init ] --END-- [ RunTime:0.000966s ]
ERR: 无法加载模块:Uploads

[ 2017-08-04T21:50:15+08:00 ] 127.0.0.1 /Uploads/avatar/20.jpg
INFO: [ app_init ] --START--
INFO: Run Behavior\BuildLiteBehavior [ RunTime:0.000039s ]
INFO: [ app_init ] --END-- [ RunTime:0.001176s ]
ERR: 无法加载模块:Uploads

[ 2017-08-04T21:50:15+08:00 ] 127.0.0.1 /Uploads/avatar/9.jpg
INFO: [ app_init ] --START--
INFO: Run Behavior\BuildLiteBehavior [ RunTime:0.000019s ]
INFO: [ app_init ] --END-- [ RunTime:0.000593s ]
ERR: 无法加载模块:Uploads

[ 2017-08-04T21:50:43+08:00 ] 127.0.0.1 /Uploads/avatar/22.jpg
INFO: [ app_init ] --START--
INFO: Run Behavior\BuildLiteBehavior [ RunTime:0.000041s ]
INFO: [ app_init ] --END-- [ RunTime:0.000984s ]
ERR: 无法加载模块:Uploads

[ 2017-08-04T21:50:43+08:00 ] 127.0.0.1 /Uploads/avatar/20.jpg
INFO: [ app_init ] --START--
INFO: Run Behavior\BuildLiteBehavior [ RunTime:0.000040s ]
INFO: [ app_init ] --END-- [ RunTime:0.001135s ]
ERR: 无法加载模块:Uploads

[ 2017-08-04T21:50:43+08:00 ] 127.0.0.1 /Uploads/avatar/8.jpg
INFO: [ app_init ] --START--
INFO: Run Behavior\BuildLiteBehavior [ RunTime:0.000016s ]
INFO: [ app_init ] --END-- [ RunTime:0.000727s ]
ERR: 无法加载模块:Uploads

[ 2017-08-04T21:50:48+08:00 ] 127.0.0.1 /Uploads/avatar/22.jpg
INFO: [ app_init ] --START--
INFO: Run Behavior\BuildLiteBehavior [ RunTime:0.000012s ]
INFO: [ app_init ] --END-- [ RunTime:0.000580s ]
ERR: 无法加载模块:Uploads

[ 2017-08-04T21:50:48+08:00 ] 127.0.0.1 /Uploads/avatar/8.jpg
INFO: [ app_init ] --START--
INFO: Run Behavior\BuildLiteBehavior [ RunTime:0.000047s ]
INFO: [ app_init ] --END-- [ RunTime:0.000999s ]
ERR: 无法加载模块:Uploads

[ 2017-08-04T21:50:48+08:00 ] 127.0.0.1 /Uploads/avatar/9.jpg
INFO: [ app_init ] --START--
INFO: Run Behavior\BuildLiteBehavior [ RunTime:0.000035s ]
INFO: [ app_init ] --END-- [ RunTime:0.000678s ]
ERR: 无法加载模块:Uploads


[ 2017-08-04T21:50:48+08:00 ] 127.0.0.1 /Uploads/avatar/21.jpg
INFO: [ app_init ] --START--
INFO: Run Behavior\BuildLiteBehavior [ RunTime:0.000035s ]
INFO: [ app_init ] --END-- [ RunTime:0.000932s ]
ERR: 无法加载模块:Uploads

[ 2017-08-04T21:51:01+08:00 ] 127.0.0.1 /Uploads/avatar/22.jpg
INFO: [ app_init ] --START--
INFO: Run Behavior\BuildLiteBehavior [ RunTime:0.000022s ]
INFO: [ app_init ] --END-- [ RunTime:0.001042s ]
ERR: 无法加载模块:Uploads

[ 2017-08-04T21:51:01+08:00 ] 127.0.0.1 /Uploads/avatar/21.jpg
INFO: [ app_init ] --START--
INFO: Run Behavior\BuildLiteBehavior [ RunTime:0.000020s ]
INFO: [ app_init ] --END-- [ RunTime:0.000561s ]
ERR: 无法加载模块:Uploads

[ 2017-08-04T21:51:01+08:00 ] 127.0.0.1 /Uploads/avatar/20.jpg
INFO: [ app_init ] --START--
INFO: Run Behavior\BuildLiteBehavior [ RunTime:0.000081s ]
INFO: [ app_init ] --END-- [ RunTime:0.001435s ]
ERR: 无法加载模块:Uploads

[ 2017-08-04T21:51:01+08:00 ] 127.0.0.1 /Uploads/avatar/9.jpg
INFO: [ app_init ] --START--
INFO: Run Behavior\BuildLiteBehavior [ RunTime:0.000051s ]
INFO: [ app_init ] --END-- [ RunTime:0.001547s ]
ERR: 无法加载模块:Uploads

[ 2017-08-04T21:51:01+08:00 ] 127.0.0.1 /Uploads/avatar/8.jpg
INFO: [ app_init ] --START--
INFO: Run Behavior\BuildLiteBehavior [ RunTime:0.000019s ]
INFO: [ app_init ] --END-- [ RunTime:0.000688s ]
ERR: 无法加载模块:Uploads

[ 2017-08-04T21:51:18+08:00 ] 127.0.0.1 /Uploads/avatar/22.jpg
INFO: [ app_init ] --START--
INFO: Run Behavior\BuildLiteBehavior [ RunTime:0.000019s ]
INFO: [ app_init ] --END-- [ RunTime:0.000971s ]
ERR: 无法加载模块:Uploads

[ 2017-08-04T21:51:18+08:00 ] 127.0.0.1 /Uploads/avatar/21.jpg
INFO: [ app_init ] --START--
INFO: Run Behavior\BuildLiteBehavior [ RunTime:0.000013s ]
INFO: [ app_init ] --END-- [ RunTime:0.000463s ]
ERR: 无法加载模块:Uploads

[ 2017-08-04T21:51:18+08:00 ] 127.0.0.1 /Uploads/avatar/20.jpg
INFO: [ app_init ] --START--
INFO: Run Behavior\BuildLiteBehavior [ RunTime:0.000051s ]
INFO: [ app_init ] --END-- [ RunTime:0.001599s ]
ERR: 无法加载模块:Uploads

[ 2017-08-04T21:51:18+08:00 ] 127.0.0.1 /Uploads/avatar/8.jpg
INFO: [ app_init ] --START--
INFO: Run Behavior\BuildLiteBehavior [ RunTime:0.000016s ]
INFO: [ app_init ] --END-- [ RunTime:0.000597s ]
ERR: 无法加载模块:Uploads

[ 2017-08-04T21:51:18+08:00 ] 127.0.0.1 /Uploads/avatar/9.jpg
INFO: [ app_init ] --START--
INFO: Run Behavior\BuildLiteBehavior [ RunTime:0.000048s ]
INFO: [ app_init ] --END-- [ RunTime:0.001026s ]
ERR: 无法加载模块:Uploads

[ 2017-08-04T21:56:59+08:00 ] 127.0.0.1 /Uploads/avatar/22.jpg
INFO: [ app_init ] --START--
INFO: Run Behavior\BuildLiteBehavior [ RunTime:0.000061s ]
INFO: [ app_init ] --END-- [ RunTime:0.001856s ]
ERR: 无法加载模块:Uploads

[ 2017-08-04T21:57:00+08:00 ] 127.0.0.1 /Uploads/avatar/21.jpg
INFO: [ app_init ] --START--
INFO: Run Behavior\BuildLiteBehavior [ RunTime:0.000022s ]
INFO: [ app_init ] --END-- [ RunTime:0.001680s ]
ERR: 无法加载模块:Uploads

[ 2017-08-04T21:57:00+08:00 ] 127.0.0.1 /Uploads/avatar/20.jpg
INFO: [ app_init ] --START--
INFO: Run Behavior\BuildLiteBehavior [ RunTime:0.000029s ]
INFO: [ app_init ] --END-- [ RunTime:0.000689s ]
ERR: 无法加载模块:Uploads

[ 2017-08-04T21:57:00+08:00 ] 127.0.0.1 /Uploads/avatar/9.jpg
INFO: [ app_init ] --START--
INFO: Run Behavior\BuildLiteBehavior [ RunTime:0.000034s ]
INFO: [ app_init ] --END-- [ RunTime:0.001296s ]
ERR: 无法加载模块:Uploads

[ 2017-08-04T21:57:00+08:00 ] 127.0.0.1 /Uploads/avatar/8.jpg
INFO: [ app_init ] --START--
INFO: Run Behavior\BuildLiteBehavior [ RunTime:0.000020s ]
INFO: [ app_init ] --END-- [ RunTime:0.000662s ]
ERR: 无法加载模块:Uploads

[ 2017-08-04T22:02:15+08:00 ] 127.0.0.1 /Uploads/avatar/22.jpg
INFO: [ app_init ] --START--
INFO: Run Behavior\BuildLiteBehavior [ RunTime:0.000017s ]
INFO: [ app_init ] --END-- [ RunTime:0.000783s ]
ERR: 无法加载模块:Uploads

[ 2017-08-04T22:02:15+08:00 ] 127.0.0.1 /Uploads/avatar/20.jpg
INFO: [ app_init ] --START--
INFO: Run Behavior\BuildLiteBehavior [ RunTime:0.000013s ]
INFO: [ app_init ] --END-- [ RunTime:0.001144s ]
ERR: 无法加载模块:Uploads

[ 2017-08-04T22:02:15+08:00 ] 127.0.0.1 /Uploads/avatar/21.jpg
INFO: [ app_init ] --START--
INFO: Run Behavior\BuildLiteBehavior [ RunTime:0.000012s ]
INFO: [ app_init ] --END-- [ RunTime:0.001144s ]
ERR: 无法加载模块:Uploads

[ 2017-08-04T22:02:16+08:00 ] 127.0.0.1 /Uploads/avatar/9.jpg
INFO: [ app_init ] --START--
INFO: Run Behavior\BuildLiteBehavior [ RunTime:0.000013s ]
INFO: [ app_init ] --END-- [ RunTime:0.000503s ]
ERR: 无法加载模块:Uploads

[ 2017-08-04T22:02:46+08:00 ] 127.0.0.1 /Uploads/avatar/8.jpg
INFO: [ app_init ] --START--
INFO: Run Behavior\BuildLiteBehavior [ RunTime:0.000010s ]
INFO: [ app_init ] --END-- [ RunTime:0.000304s ]
ERR: 无法加载模块:Uploads

[ 2017-08-04T22:18:31+08:00 ] 127.0.0.1 /Uploads/avatar/22.jpg
INFO: [ app_init ] --START--
INFO: Run Behavior\BuildLiteBehavior [ RunTime:0.000012s ]
INFO: [ app_init ] --END-- [ RunTime:0.000407s ]
ERR: 无法加载模块:Uploads

[ 2017-08-04T22:18:32+08:00 ] 127.0.0.1 /Uploads/avatar/9.jpg
INFO: [ app_init ] --START--
INFO: Run Behavior\BuildLiteBehavior [ RunTime:0.000014s ]
INFO: [ app_init ] --END-- [ RunTime:0.000488s ]
ERR: 无法加载模块:Uploads

[ 2017-08-04T22:18:32+08:00 ] 127.0.0.1 /Uploads/avatar/20.jpg
INFO: [ app_init ] --START--
INFO: Run Behavior\BuildLiteBehavior [ RunTime:0.000079s ]
INFO: [ app_init ] --END-- [ RunTime:0.001099s ]
ERR: 无法加载模块:Uploads

[ 2017-08-04T22:18:32+08:00 ] 127.0.0.1 /Uploads/avatar/21.jpg
INFO: [ app_init ] --START--
INFO: Run Behavior\BuildLiteBehavior [ RunTime:0.000073s ]
INFO: [ app_init ] --END-- [ RunTime:0.000939s ]
ERR: 无法加载模块:Uploads

[ 2017-08-04T22:18:32+08:00 ] 127.0.0.1 /Uploads/avatar/8.jpg
INFO: [ app_init ] --START--
INFO: Run Behavior\BuildLiteBehavior [ RunTime:0.000573s ]
INFO: [ app_init ] --END-- [ RunTime:0.006524s ]
ERR: 无法加载模块:Uploads

[ 2017-08-04T22:22:40+08:00 ] 127.0.0.1 /favicon.ico
INFO: [ app_init ] --START--
INFO: Run Behavior\BuildLiteBehavior [ RunTime:0.000011s ]
INFO: [ app_init ] --END-- [ RunTime:0.000485s ]
ERR: 无法加载模块:Favicon

[ 2017-08-04T22:56:05+08:00 ] 127.0.0.1 /Uploads/avatar/27.jpg
INFO: [ app_init ] --START--
INFO: Run Behavior\BuildLiteBehavior [ RunTime:0.000103s ]
INFO: [ app_init ] --END-- [ RunTime:0.001902s ]
ERR: 无法加载模块:Uploads

[ 2017-08-04T22:56:05+08:00 ] 127.0.0.1 /Uploads/avatar/22.jpg
INFO: [ app_init ] --START--
INFO: Run Behavior\BuildLiteBehavior [ RunTime:0.000041s ]
INFO: [ app_init ] --END-- [ RunTime:0.000660s ]
ERR: 无法加载模块:Uploads

[ 2017-08-04T22:56:05+08:00 ] 127.0.0.1 /Uploads/avatar/20.jpg
INFO: [ app_init ] --START--
INFO: Run Behavior\BuildLiteBehavior [ RunTime:0.000011s ]
INFO: [ app_init ] --END-- [ RunTime:0.000405s ]
ERR: 无法加载模块:Uploads

[ 2017-08-04T22:56:59+08:00 ] 127.0.0.1 /Uploads/avatar/27.jpg
INFO: [ app_init ] --START--
INFO: Run Behavior\BuildLiteBehavior [ RunTime:0.000015s ]
INFO: [ app_init ] --END-- [ RunTime:0.000570s ]
ERR: 无法加载模块:Uploads

[ 2017-08-04T22:56:59+08:00 ] 127.0.0.1 /Uploads/avatar/22.jpg
INFO: [ app_init ] --START--
INFO: Run Behavior\BuildLiteBehavior [ RunTime:0.000010s ]
INFO: [ app_init ] --END-- [ RunTime:0.000354s ]
ERR: 无法加载模块:Uploads

[ 2017-08-04T22:56:59+08:00 ] 127.0.0.1 /Uploads/avatar/21.jpg
INFO: [ app_init ] --START--
INFO: Run Behavior\BuildLiteBehavior [ RunTime:0.000011s ]
INFO: [ app_init ] --END-- [ RunTime:0.000428s ]
ERR: 无法加载模块:Uploads

[ 2017-08-04T22:56:59+08:00 ] 127.0.0.1 /Uploads/avatar/20.jpg
INFO: [ app_init ] --START--
INFO: Run Behavior\BuildLiteBehavior [ RunTime:0.000035s ]
INFO: [ app_init ] --END-- [ RunTime:0.000791s ]
ERR: 无法加载模块:Uploads

[ 2017-08-04T22:57:48+08:00 ] 127.0.0.1 /Uploads/avatar/27.jpg
INFO: [ app_init ] --START--
INFO: Run Behavior\BuildLiteBehavior [ RunTime:0.000035s ]
INFO: [ app_init ] --END-- [ RunTime:0.000524s ]
ERR: 无法加载模块:Uploads

[ 2017-08-04T22:57:48+08:00 ] 127.0.0.1 /Uploads/avatar/22.jpg
INFO: [ app_init ] --START--
INFO: Run Behavior\BuildLiteBehavior [ RunTime:0.000021s ]
INFO: [ app_init ] --END-- [ RunTime:0.000412s ]
ERR: 无法加载模块:Uploads

[ 2017-08-04T22:57:48+08:00 ] 127.0.0.1 /Uploads/avatar/20.jpg
INFO: [ app_init ] --START--
INFO: Run Behavior\BuildLiteBehavior [ RunTime:0.000010s ]
INFO: [ app_init ] --END-- [ RunTime:0.000372s ]
ERR: 无法加载模块:Uploads

[ 2017-08-04T22:57:49+08:00 ] 127.0.0.1 /Uploads/avatar/21.jpg
INFO: [ app_init ] --START--
INFO: Run Behavior\BuildLiteBehavior [ RunTime:0.000014s ]
INFO: [ app_init ] --END-- [ RunTime:0.000674s ]
ERR: 无法加载模块:Uploads

[ 2017-08-04T22:58:05+08:00 ] 127.0.0.1 /Uploads/avatar/27.jpg
INFO: [ app_init ] --START--
INFO: Run Behavior\BuildLiteBehavior [ RunTime:0.000011s ]
INFO: [ app_init ] --END-- [ RunTime:0.000386s ]
ERR: 无法加载模块:Uploads

[ 2017-08-04T22:58:05+08:00 ] 127.0.0.1 /Uploads/avatar/22.jpg
INFO: [ app_init ] --START--
INFO: Run Behavior\BuildLiteBehavior [ RunTime:0.000015s ]
INFO: [ app_init ] --END-- [ RunTime:0.000571s ]
ERR: 无法加载模块:Uploads

[ 2017-08-04T22:58:05+08:00 ] 127.0.0.1 /Uploads/avatar/20.jpg
INFO: [ app_init ] --START--
INFO: Run Behavior\BuildLiteBehavior [ RunTime:0.000034s ]
INFO: [ app_init ] --END-- [ RunTime:0.000898s ]
ERR: 无法加载模块:Uploads

